<?xml version="1.0" encoding="UTF-8"?>
<testng-results skipped="11" failed="0" ignored="0" total="22" passed="11">
  <reporter-output>
    <line>
      <![CDATA[log in to vTiger]]>
    </line>
    <line>
      <![CDATA[click on create contact Link]]>
    </line>
    <line>
      <![CDATA[Select salutaion]]>
    </line>
    <line>
      <![CDATA[enter firstname]]>
    </line>
    <line>
      <![CDATA[enter lastname]]>
    </line>
    <line>
      <![CDATA[move to user icon]]>
    </line>
    <line>
      <![CDATA[click on signoutLink]]>
    </line>
    <line>
      <![CDATA[log in to vTiger]]>
    </line>
    <line>
      <![CDATA[click on create contact Link]]>
    </line>
    <line>
      <![CDATA[Select salutaion]]>
    </line>
    <line>
      <![CDATA[enter firstname]]>
    </line>
    <line>
      <![CDATA[enter lastname]]>
    </line>
    <line>
      <![CDATA[move to user icon]]>
    </line>
    <line>
      <![CDATA[click on signoutLink]]>
    </line>
    <line>
      <![CDATA[log in to vTiger]]>
    </line>
    <line>
      <![CDATA[click on organization link in home page]]>
    </line>
    <line>
      <![CDATA[click on create organization(+)]]>
    </line>
    <line>
      <![CDATA[enter organization name]]>
    </line>
    <line>
      <![CDATA[click on save button]]>
    </line>
    <line>
      <![CDATA[Verify expected result with actual reault]]>
    </line>
    <line>
      <![CDATA[move to user icon]]>
    </line>
    <line>
      <![CDATA[click on signoutLink]]>
    </line>
    <line>
      <![CDATA[log in to vTiger]]>
    </line>
    <line>
      <![CDATA[move to user icon]]>
    </line>
    <line>
      <![CDATA[click on signoutLink]]>
    </line>
    <line>
      <![CDATA[log in to vTiger]]>
    </line>
    <line>
      <![CDATA[Click on leadLink]]>
    </line>
    <line>
      <![CDATA[click on create lead icon(+)]]>
    </line>
    <line>
      <![CDATA[saluating first name]]>
    </line>
    <line>
      <![CDATA[enter first name]]>
    </line>
    <line>
      <![CDATA[enter last name]]>
    </line>
    <line>
      <![CDATA[enter company name]]>
    </line>
    <line>
      <![CDATA[enter designation]]>
    </line>
    <line>
      <![CDATA[Saluating leadsource]]>
    </line>
    <line>
      <![CDATA[saluating industry]]>
    </line>
    <line>
      <![CDATA[enter annual revenue]]>
    </line>
    <line>
      <![CDATA[enter Employees]]>
    </line>
    <line>
      <![CDATA[enter secondary mail]]>
    </line>
    <line>
      <![CDATA[enter phone no]]>
    </line>
    <line>
      <![CDATA[enter mobile no]]>
    </line>
    <line>
      <![CDATA[enter fax]]>
    </line>
    <line>
      <![CDATA[enter email]]>
    </line>
    <line>
      <![CDATA[enter website]]>
    </line>
    <line>
      <![CDATA[saluating leadstatus]]>
    </line>
    <line>
      <![CDATA[saluating drop]]>
    </line>
    <line>
      <![CDATA[click on save]]>
    </line>
    <line>
      <![CDATA[comparing actual with expected]]>
    </line>
    <line>
      <![CDATA[move to user icon]]>
    </line>
    <line>
      <![CDATA[click on signoutLink]]>
    </line>
    <line>
      <![CDATA[log in to vTiger]]>
    </line>
    <line>
      <![CDATA[Click on leadLink]]>
    </line>
    <line>
      <![CDATA[click on create lead icon(+)]]>
    </line>
    <line>
      <![CDATA[saluating first name]]>
    </line>
    <line>
      <![CDATA[enter first name]]>
    </line>
    <line>
      <![CDATA[enter last name]]>
    </line>
    <line>
      <![CDATA[enter company name]]>
    </line>
    <line>
      <![CDATA[enter designation]]>
    </line>
    <line>
      <![CDATA[Saluating leadsource]]>
    </line>
    <line>
      <![CDATA[saluating industry]]>
    </line>
    <line>
      <![CDATA[enter annual revenue]]>
    </line>
    <line>
      <![CDATA[enter Employees]]>
    </line>
    <line>
      <![CDATA[enter secondary mail]]>
    </line>
    <line>
      <![CDATA[enter phone no]]>
    </line>
    <line>
      <![CDATA[enter mobile no]]>
    </line>
    <line>
      <![CDATA[enter fax]]>
    </line>
    <line>
      <![CDATA[enter email]]>
    </line>
    <line>
      <![CDATA[enter website]]>
    </line>
    <line>
      <![CDATA[saluating leadstatus]]>
    </line>
    <line>
      <![CDATA[saluating drop]]>
    </line>
    <line>
      <![CDATA[click on save]]>
    </line>
    <line>
      <![CDATA[comparing actual with expected]]>
    </line>
    <line>
      <![CDATA[move to user icon]]>
    </line>
    <line>
      <![CDATA[click on signoutLink]]>
    </line>
    <line>
      <![CDATA[log in to vTiger]]>
    </line>
    <line>
      <![CDATA[move to more link]]>
    </line>
    <line>
      <![CDATA[click on vendor Icon]]>
    </line>
    <line>
      <![CDATA[enter vendor name]]>
    </line>
    <line>
      <![CDATA[click on save]]>
    </line>
    <line>
      <![CDATA[move to user icon]]>
    </line>
    <line>
      <![CDATA[click on signoutLink]]>
    </line>
    <line>
      <![CDATA[log in to vTiger]]>
    </line>
    <line>
      <![CDATA[move to more link]]>
    </line>
    <line>
      <![CDATA[delete vendor]]>
    </line>
    <line>
      <![CDATA[move to user icon]]>
    </line>
    <line>
      <![CDATA[click on signoutLink]]>
    </line>
    <line>
      <![CDATA[log in to vTiger]]>
    </line>
    <line>
      <![CDATA[delete lead]]>
    </line>
    <line>
      <![CDATA[move to user icon]]>
    </line>
    <line>
      <![CDATA[click on signoutLink]]>
    </line>
    <line>
      <![CDATA[log in to vTiger]]>
    </line>
    <line>
      <![CDATA[click on conatct link]]>
    </line>
    <line>
      <![CDATA[click on checkbox]]>
    </line>
    <line>
      <![CDATA[click on delete button]]>
    </line>
    <line>
      <![CDATA[move to user icon]]>
    </line>
    <line>
      <![CDATA[click on signoutLink]]>
    </line>
    <line>
      <![CDATA[log in to vTiger]]>
    </line>
    <line>
      <![CDATA[click on organization link in home page]]>
    </line>
    <line>
      <![CDATA[click on check box]]>
    </line>
    <line>
      <![CDATA[click on delete button]]>
    </line>
    <line>
      <![CDATA[move to user icon]]>
    </line>
    <line>
      <![CDATA[click on signoutLink]]>
    </line>
  </reporter-output>
  <suite name="Suite" duration-ms="411898" started-at="2020-06-07T14:45:04Z" finished-at="2020-06-07T14:51:56Z">
    <groups>
    </groups>
    <test name="TestRunnerFirefox" duration-ms="5303" started-at="2020-06-07T14:45:04Z" finished-at="2020-06-07T14:45:09Z">
      <class name="com.vTiger.testscripts.CreateOrganizationTest">
        <test-method status="FAIL" signature="configBc(java.lang.String)[pri:0, instance:com.vTiger.testscripts.CreateOrganizationTest@1e730495]" name="configBc" is-config="true" duration-ms="26" started-at="2020-06-07T14:45:07Z" finished-at="2020-06-07T14:45:08Z">
          <params>
            <param index="0">
              <value>
                <![CDATA[firefox]]>
              </value>
            </param>
          </params>
          <exception class="java.lang.IllegalStateException">
            <message>
              <![CDATA[The path to the driver executable must be set by the webdriver.gecko.driver system property; for more information, see https://github.com/mozilla/geckodriver. The latest version can be downloaded from https://github.com/mozilla/geckodriver/releases]]>
            </message>
            <full-stacktrace>
              <![CDATA[java.lang.IllegalStateException: The path to the driver executable must be set by the webdriver.gecko.driver system property; for more information, see https://github.com/mozilla/geckodriver. The latest version can be downloaded from https://github.com/mozilla/geckodriver/releases
at com.google.common.base.Preconditions.checkState(Preconditions.java:847)
at org.openqa.selenium.remote.service.DriverService.findExecutable(DriverService.java:134)
at org.openqa.selenium.firefox.GeckoDriverService.access$100(GeckoDriverService.java:44)
at org.openqa.selenium.firefox.GeckoDriverService$Builder.findDefaultExecutable(GeckoDriverService.java:167)
at org.openqa.selenium.remote.service.DriverService$Builder.build(DriverService.java:355)
at org.openqa.selenium.firefox.FirefoxDriver.toExecutor(FirefoxDriver.java:190)
at org.openqa.selenium.firefox.FirefoxDriver.<init>(FirefoxDriver.java:147)
at org.openqa.selenium.firefox.FirefoxDriver.<init>(FirefoxDriver.java:125)
at com.vTiger.GenericLibs.Base.configBc(Base.java:36)
at sun.reflect.NativeMethodAccessorImpl.invoke0(Native Method)
at sun.reflect.NativeMethodAccessorImpl.invoke(Unknown Source)
at sun.reflect.DelegatingMethodAccessorImpl.invoke(Unknown Source)
at java.lang.reflect.Method.invoke(Unknown Source)
at org.testng.internal.MethodInvocationHelper.invokeMethod(MethodInvocationHelper.java:124)
at org.testng.internal.MethodInvocationHelper.invokeMethodConsideringTimeout(MethodInvocationHelper.java:59)
at org.testng.internal.Invoker.invokeConfigurationMethod(Invoker.java:458)
at org.testng.internal.Invoker.invokeConfigurations(Invoker.java:222)
at org.testng.internal.Invoker.invokeConfigurations(Invoker.java:142)
at org.testng.internal.TestMethodWorker.invokeBeforeClassMethods(TestMethodWorker.java:168)
at org.testng.internal.TestMethodWorker.run(TestMethodWorker.java:105)
at org.testng.TestRunner.privateRun(TestRunner.java:648)
at org.testng.TestRunner.run(TestRunner.java:505)
at org.testng.SuiteRunner.runTest(SuiteRunner.java:455)
at org.testng.SuiteRunner.access$000(SuiteRunner.java:40)
at org.testng.SuiteRunner$SuiteWorker.run(SuiteRunner.java:489)
at org.testng.internal.thread.ThreadUtil$1.call(ThreadUtil.java:52)
at java.util.concurrent.FutureTask.run(Unknown Source)
at java.util.concurrent.ThreadPoolExecutor.runWorker(Unknown Source)
at java.util.concurrent.ThreadPoolExecutor$Worker.run(Unknown Source)
at java.lang.Thread.run(Unknown Source)
]]>
            </full-stacktrace>
          </exception> <!-- java.lang.IllegalStateException -->
          <reporter-output>
          </reporter-output>
        </test-method> <!-- configBc -->
        <test-method status="SKIP" signature="configBM()[pri:0, instance:com.vTiger.testscripts.CreateOrganizationTest@1e730495]" name="configBM" is-config="true" duration-ms="0" started-at="2020-06-07T14:45:08Z" finished-at="2020-06-07T14:45:08Z">
          <reporter-output>
          </reporter-output>
        </test-method> <!-- configBM -->
        <test-method status="SKIP" signature="createOrganization()[pri:0, instance:com.vTiger.testscripts.CreateOrganizationTest@1e730495]" name="createOrganization" duration-ms="0" started-at="2020-06-07T14:45:08Z" finished-at="2020-06-07T14:45:08Z">
          <exception class="java.lang.IllegalStateException">
            <message>
              <![CDATA[The path to the driver executable must be set by the webdriver.gecko.driver system property; for more information, see https://github.com/mozilla/geckodriver. The latest version can be downloaded from https://github.com/mozilla/geckodriver/releases]]>
            </message>
            <full-stacktrace>
              <![CDATA[java.lang.IllegalStateException: The path to the driver executable must be set by the webdriver.gecko.driver system property; for more information, see https://github.com/mozilla/geckodriver. The latest version can be downloaded from https://github.com/mozilla/geckodriver/releases
at com.google.common.base.Preconditions.checkState(Preconditions.java:847)
at org.openqa.selenium.remote.service.DriverService.findExecutable(DriverService.java:134)
at org.openqa.selenium.firefox.GeckoDriverService.access$100(GeckoDriverService.java:44)
at org.openqa.selenium.firefox.GeckoDriverService$Builder.findDefaultExecutable(GeckoDriverService.java:167)
at org.openqa.selenium.remote.service.DriverService$Builder.build(DriverService.java:355)
at org.openqa.selenium.firefox.FirefoxDriver.toExecutor(FirefoxDriver.java:190)
at org.openqa.selenium.firefox.FirefoxDriver.<init>(FirefoxDriver.java:147)
at org.openqa.selenium.firefox.FirefoxDriver.<init>(FirefoxDriver.java:125)
at com.vTiger.GenericLibs.Base.configBc(Base.java:36)
at sun.reflect.NativeMethodAccessorImpl.invoke0(Native Method)
at sun.reflect.NativeMethodAccessorImpl.invoke(Unknown Source)
at sun.reflect.DelegatingMethodAccessorImpl.invoke(Unknown Source)
at java.lang.reflect.Method.invoke(Unknown Source)
at org.testng.internal.MethodInvocationHelper.invokeMethod(MethodInvocationHelper.java:124)
at org.testng.internal.MethodInvocationHelper.invokeMethodConsideringTimeout(MethodInvocationHelper.java:59)
at org.testng.internal.Invoker.invokeConfigurationMethod(Invoker.java:458)
at org.testng.internal.Invoker.invokeConfigurations(Invoker.java:222)
at org.testng.internal.Invoker.invokeConfigurations(Invoker.java:142)
at org.testng.internal.TestMethodWorker.invokeBeforeClassMethods(TestMethodWorker.java:168)
at org.testng.internal.TestMethodWorker.run(TestMethodWorker.java:105)
at org.testng.TestRunner.privateRun(TestRunner.java:648)
at org.testng.TestRunner.run(TestRunner.java:505)
at org.testng.SuiteRunner.runTest(SuiteRunner.java:455)
at org.testng.SuiteRunner.access$000(SuiteRunner.java:40)
at org.testng.SuiteRunner$SuiteWorker.run(SuiteRunner.java:489)
at org.testng.internal.thread.ThreadUtil$1.call(ThreadUtil.java:52)
at java.util.concurrent.FutureTask.run(Unknown Source)
at java.util.concurrent.ThreadPoolExecutor.runWorker(Unknown Source)
at java.util.concurrent.ThreadPoolExecutor$Worker.run(Unknown Source)
at java.lang.Thread.run(Unknown Source)
]]>
            </full-stacktrace>
          </exception> <!-- java.lang.IllegalStateException -->
          <reporter-output>
          </reporter-output>
        </test-method> <!-- createOrganization -->
        <test-method status="SKIP" signature="configAm()[pri:0, instance:com.vTiger.testscripts.CreateOrganizationTest@1e730495]" name="configAm" is-config="true" duration-ms="0" started-at="2020-06-07T14:45:08Z" finished-at="2020-06-07T14:45:08Z">
          <reporter-output>
          </reporter-output>
        </test-method> <!-- configAm -->
        <test-method status="SKIP" signature="configAc()[pri:0, instance:com.vTiger.testscripts.CreateOrganizationTest@1e730495]" name="configAc" is-config="true" duration-ms="0" started-at="2020-06-07T14:45:08Z" finished-at="2020-06-07T14:45:08Z">
          <reporter-output>
          </reporter-output>
        </test-method> <!-- configAc -->
      </class> <!-- com.vTiger.testscripts.CreateOrganizationTest -->
      <class name="com.vTiger.testscripts.CreateContactTest">
        <test-method status="FAIL" signature="configBc(java.lang.String)[pri:0, instance:com.vTiger.testscripts.CreateContactTest@23f7d05d]" name="configBc" is-config="true" duration-ms="368" started-at="2020-06-07T14:45:04Z" finished-at="2020-06-07T14:45:04Z">
          <params>
            <param index="0">
              <value>
                <![CDATA[firefox]]>
              </value>
            </param>
          </params>
          <exception class="java.lang.IllegalStateException">
            <message>
              <![CDATA[The path to the driver executable must be set by the webdriver.gecko.driver system property; for more information, see https://github.com/mozilla/geckodriver. The latest version can be downloaded from https://github.com/mozilla/geckodriver/releases]]>
            </message>
            <full-stacktrace>
              <![CDATA[java.lang.IllegalStateException: The path to the driver executable must be set by the webdriver.gecko.driver system property; for more information, see https://github.com/mozilla/geckodriver. The latest version can be downloaded from https://github.com/mozilla/geckodriver/releases
at com.google.common.base.Preconditions.checkState(Preconditions.java:847)
at org.openqa.selenium.remote.service.DriverService.findExecutable(DriverService.java:134)
at org.openqa.selenium.firefox.GeckoDriverService.access$100(GeckoDriverService.java:44)
at org.openqa.selenium.firefox.GeckoDriverService$Builder.findDefaultExecutable(GeckoDriverService.java:167)
at org.openqa.selenium.remote.service.DriverService$Builder.build(DriverService.java:355)
at org.openqa.selenium.firefox.FirefoxDriver.toExecutor(FirefoxDriver.java:190)
at org.openqa.selenium.firefox.FirefoxDriver.<init>(FirefoxDriver.java:147)
at org.openqa.selenium.firefox.FirefoxDriver.<init>(FirefoxDriver.java:125)
at com.vTiger.GenericLibs.Base.configBc(Base.java:36)
at sun.reflect.NativeMethodAccessorImpl.invoke0(Native Method)
at sun.reflect.NativeMethodAccessorImpl.invoke(Unknown Source)
at sun.reflect.DelegatingMethodAccessorImpl.invoke(Unknown Source)
at java.lang.reflect.Method.invoke(Unknown Source)
at org.testng.internal.MethodInvocationHelper.invokeMethod(MethodInvocationHelper.java:124)
at org.testng.internal.MethodInvocationHelper.invokeMethodConsideringTimeout(MethodInvocationHelper.java:59)
at org.testng.internal.Invoker.invokeConfigurationMethod(Invoker.java:458)
at org.testng.internal.Invoker.invokeConfigurations(Invoker.java:222)
at org.testng.internal.Invoker.invokeConfigurations(Invoker.java:142)
at org.testng.internal.TestMethodWorker.invokeBeforeClassMethods(TestMethodWorker.java:168)
at org.testng.internal.TestMethodWorker.run(TestMethodWorker.java:105)
at org.testng.TestRunner.privateRun(TestRunner.java:648)
at org.testng.TestRunner.run(TestRunner.java:505)
at org.testng.SuiteRunner.runTest(SuiteRunner.java:455)
at org.testng.SuiteRunner.access$000(SuiteRunner.java:40)
at org.testng.SuiteRunner$SuiteWorker.run(SuiteRunner.java:489)
at org.testng.internal.thread.ThreadUtil$1.call(ThreadUtil.java:52)
at java.util.concurrent.FutureTask.run(Unknown Source)
at java.util.concurrent.ThreadPoolExecutor.runWorker(Unknown Source)
at java.util.concurrent.ThreadPoolExecutor$Worker.run(Unknown Source)
at java.lang.Thread.run(Unknown Source)
]]>
            </full-stacktrace>
          </exception> <!-- java.lang.IllegalStateException -->
          <reporter-output>
          </reporter-output>
        </test-method> <!-- configBc -->
        <test-method status="SKIP" signature="configBM()[pri:0, instance:com.vTiger.testscripts.CreateContactTest@23f7d05d]" name="configBM" is-config="true" duration-ms="0" started-at="2020-06-07T14:45:07Z" finished-at="2020-06-07T14:45:07Z">
          <reporter-output>
          </reporter-output>
        </test-method> <!-- configBM -->
        <test-method status="SKIP" signature="createContact(java.lang.String, java.lang.String, java.lang.String)[pri:0, instance:com.vTiger.testscripts.CreateContactTest@23f7d05d]" name="createContact" duration-ms="0" started-at="2020-06-07T14:45:07Z" data-provider="readdata" finished-at="2020-06-07T14:45:07Z">
          <exception class="java.lang.IllegalStateException">
            <message>
              <![CDATA[The path to the driver executable must be set by the webdriver.gecko.driver system property; for more information, see https://github.com/mozilla/geckodriver. The latest version can be downloaded from https://github.com/mozilla/geckodriver/releases]]>
            </message>
            <full-stacktrace>
              <![CDATA[java.lang.IllegalStateException: The path to the driver executable must be set by the webdriver.gecko.driver system property; for more information, see https://github.com/mozilla/geckodriver. The latest version can be downloaded from https://github.com/mozilla/geckodriver/releases
at com.google.common.base.Preconditions.checkState(Preconditions.java:847)
at org.openqa.selenium.remote.service.DriverService.findExecutable(DriverService.java:134)
at org.openqa.selenium.firefox.GeckoDriverService.access$100(GeckoDriverService.java:44)
at org.openqa.selenium.firefox.GeckoDriverService$Builder.findDefaultExecutable(GeckoDriverService.java:167)
at org.openqa.selenium.remote.service.DriverService$Builder.build(DriverService.java:355)
at org.openqa.selenium.firefox.FirefoxDriver.toExecutor(FirefoxDriver.java:190)
at org.openqa.selenium.firefox.FirefoxDriver.<init>(FirefoxDriver.java:147)
at org.openqa.selenium.firefox.FirefoxDriver.<init>(FirefoxDriver.java:125)
at com.vTiger.GenericLibs.Base.configBc(Base.java:36)
at sun.reflect.NativeMethodAccessorImpl.invoke0(Native Method)
at sun.reflect.NativeMethodAccessorImpl.invoke(Unknown Source)
at sun.reflect.DelegatingMethodAccessorImpl.invoke(Unknown Source)
at java.lang.reflect.Method.invoke(Unknown Source)
at org.testng.internal.MethodInvocationHelper.invokeMethod(MethodInvocationHelper.java:124)
at org.testng.internal.MethodInvocationHelper.invokeMethodConsideringTimeout(MethodInvocationHelper.java:59)
at org.testng.internal.Invoker.invokeConfigurationMethod(Invoker.java:458)
at org.testng.internal.Invoker.invokeConfigurations(Invoker.java:222)
at org.testng.internal.Invoker.invokeConfigurations(Invoker.java:142)
at org.testng.internal.TestMethodWorker.invokeBeforeClassMethods(TestMethodWorker.java:168)
at org.testng.internal.TestMethodWorker.run(TestMethodWorker.java:105)
at org.testng.TestRunner.privateRun(TestRunner.java:648)
at org.testng.TestRunner.run(TestRunner.java:505)
at org.testng.SuiteRunner.runTest(SuiteRunner.java:455)
at org.testng.SuiteRunner.access$000(SuiteRunner.java:40)
at org.testng.SuiteRunner$SuiteWorker.run(SuiteRunner.java:489)
at org.testng.internal.thread.ThreadUtil$1.call(ThreadUtil.java:52)
at java.util.concurrent.FutureTask.run(Unknown Source)
at java.util.concurrent.ThreadPoolExecutor.runWorker(Unknown Source)
at java.util.concurrent.ThreadPoolExecutor$Worker.run(Unknown Source)
at java.lang.Thread.run(Unknown Source)
]]>
            </full-stacktrace>
          </exception> <!-- java.lang.IllegalStateException -->
          <reporter-output>
          </reporter-output>
        </test-method> <!-- createContact -->
        <test-method status="SKIP" signature="configAm()[pri:0, instance:com.vTiger.testscripts.CreateContactTest@23f7d05d]" name="configAm" is-config="true" duration-ms="0" started-at="2020-06-07T14:45:07Z" finished-at="2020-06-07T14:45:07Z">
          <reporter-output>
          </reporter-output>
        </test-method> <!-- configAm -->
        <test-method status="SKIP" signature="configBM()[pri:0, instance:com.vTiger.testscripts.CreateContactTest@23f7d05d]" name="configBM" is-config="true" duration-ms="0" started-at="2020-06-07T14:45:07Z" finished-at="2020-06-07T14:45:07Z">
          <reporter-output>
          </reporter-output>
        </test-method> <!-- configBM -->
        <test-method status="SKIP" signature="createContact(java.lang.String, java.lang.String, java.lang.String)[pri:0, instance:com.vTiger.testscripts.CreateContactTest@23f7d05d]" name="createContact" duration-ms="0" started-at="2020-06-07T14:45:07Z" data-provider="readdata" finished-at="2020-06-07T14:45:07Z">
          <exception class="java.lang.IllegalStateException">
            <message>
              <![CDATA[The path to the driver executable must be set by the webdriver.gecko.driver system property; for more information, see https://github.com/mozilla/geckodriver. The latest version can be downloaded from https://github.com/mozilla/geckodriver/releases]]>
            </message>
            <full-stacktrace>
              <![CDATA[java.lang.IllegalStateException: The path to the driver executable must be set by the webdriver.gecko.driver system property; for more information, see https://github.com/mozilla/geckodriver. The latest version can be downloaded from https://github.com/mozilla/geckodriver/releases
at com.google.common.base.Preconditions.checkState(Preconditions.java:847)
at org.openqa.selenium.remote.service.DriverService.findExecutable(DriverService.java:134)
at org.openqa.selenium.firefox.GeckoDriverService.access$100(GeckoDriverService.java:44)
at org.openqa.selenium.firefox.GeckoDriverService$Builder.findDefaultExecutable(GeckoDriverService.java:167)
at org.openqa.selenium.remote.service.DriverService$Builder.build(DriverService.java:355)
at org.openqa.selenium.firefox.FirefoxDriver.toExecutor(FirefoxDriver.java:190)
at org.openqa.selenium.firefox.FirefoxDriver.<init>(FirefoxDriver.java:147)
at org.openqa.selenium.firefox.FirefoxDriver.<init>(FirefoxDriver.java:125)
at com.vTiger.GenericLibs.Base.configBc(Base.java:36)
at sun.reflect.NativeMethodAccessorImpl.invoke0(Native Method)
at sun.reflect.NativeMethodAccessorImpl.invoke(Unknown Source)
at sun.reflect.DelegatingMethodAccessorImpl.invoke(Unknown Source)
at java.lang.reflect.Method.invoke(Unknown Source)
at org.testng.internal.MethodInvocationHelper.invokeMethod(MethodInvocationHelper.java:124)
at org.testng.internal.MethodInvocationHelper.invokeMethodConsideringTimeout(MethodInvocationHelper.java:59)
at org.testng.internal.Invoker.invokeConfigurationMethod(Invoker.java:458)
at org.testng.internal.Invoker.invokeConfigurations(Invoker.java:222)
at org.testng.internal.Invoker.invokeConfigurations(Invoker.java:142)
at org.testng.internal.TestMethodWorker.invokeBeforeClassMethods(TestMethodWorker.java:168)
at org.testng.internal.TestMethodWorker.run(TestMethodWorker.java:105)
at org.testng.TestRunner.privateRun(TestRunner.java:648)
at org.testng.TestRunner.run(TestRunner.java:505)
at org.testng.SuiteRunner.runTest(SuiteRunner.java:455)
at org.testng.SuiteRunner.access$000(SuiteRunner.java:40)
at org.testng.SuiteRunner$SuiteWorker.run(SuiteRunner.java:489)
at org.testng.internal.thread.ThreadUtil$1.call(ThreadUtil.java:52)
at java.util.concurrent.FutureTask.run(Unknown Source)
at java.util.concurrent.ThreadPoolExecutor.runWorker(Unknown Source)
at java.util.concurrent.ThreadPoolExecutor$Worker.run(Unknown Source)
at java.lang.Thread.run(Unknown Source)
]]>
            </full-stacktrace>
          </exception> <!-- java.lang.IllegalStateException -->
          <reporter-output>
          </reporter-output>
        </test-method> <!-- createContact -->
        <test-method status="SKIP" signature="configAm()[pri:0, instance:com.vTiger.testscripts.CreateContactTest@23f7d05d]" name="configAm" is-config="true" duration-ms="0" started-at="2020-06-07T14:45:07Z" finished-at="2020-06-07T14:45:07Z">
          <reporter-output>
          </reporter-output>
        </test-method> <!-- configAm -->
        <test-method status="SKIP" signature="configAc()[pri:0, instance:com.vTiger.testscripts.CreateContactTest@23f7d05d]" name="configAc" is-config="true" duration-ms="0" started-at="2020-06-07T14:45:07Z" finished-at="2020-06-07T14:45:07Z">
          <reporter-output>
          </reporter-output>
        </test-method> <!-- configAc -->
      </class> <!-- com.vTiger.testscripts.CreateContactTest -->
      <class name="com.vTiger.testscripts.DeleteVendorTest">
        <test-method status="FAIL" signature="configBc(java.lang.String)[pri:0, instance:com.vTiger.testscripts.DeleteVendorTest@6b19b79]" name="configBc" is-config="true" duration-ms="25" started-at="2020-06-07T14:45:09Z" finished-at="2020-06-07T14:45:09Z">
          <params>
            <param index="0">
              <value>
                <![CDATA[firefox]]>
              </value>
            </param>
          </params>
          <exception class="java.lang.IllegalStateException">
            <message>
              <![CDATA[The path to the driver executable must be set by the webdriver.gecko.driver system property; for more information, see https://github.com/mozilla/geckodriver. The latest version can be downloaded from https://github.com/mozilla/geckodriver/releases]]>
            </message>
            <full-stacktrace>
              <![CDATA[java.lang.IllegalStateException: The path to the driver executable must be set by the webdriver.gecko.driver system property; for more information, see https://github.com/mozilla/geckodriver. The latest version can be downloaded from https://github.com/mozilla/geckodriver/releases
at com.google.common.base.Preconditions.checkState(Preconditions.java:847)
at org.openqa.selenium.remote.service.DriverService.findExecutable(DriverService.java:134)
at org.openqa.selenium.firefox.GeckoDriverService.access$100(GeckoDriverService.java:44)
at org.openqa.selenium.firefox.GeckoDriverService$Builder.findDefaultExecutable(GeckoDriverService.java:167)
at org.openqa.selenium.remote.service.DriverService$Builder.build(DriverService.java:355)
at org.openqa.selenium.firefox.FirefoxDriver.toExecutor(FirefoxDriver.java:190)
at org.openqa.selenium.firefox.FirefoxDriver.<init>(FirefoxDriver.java:147)
at org.openqa.selenium.firefox.FirefoxDriver.<init>(FirefoxDriver.java:125)
at com.vTiger.GenericLibs.Base.configBc(Base.java:36)
at sun.reflect.NativeMethodAccessorImpl.invoke0(Native Method)
at sun.reflect.NativeMethodAccessorImpl.invoke(Unknown Source)
at sun.reflect.DelegatingMethodAccessorImpl.invoke(Unknown Source)
at java.lang.reflect.Method.invoke(Unknown Source)
at org.testng.internal.MethodInvocationHelper.invokeMethod(MethodInvocationHelper.java:124)
at org.testng.internal.MethodInvocationHelper.invokeMethodConsideringTimeout(MethodInvocationHelper.java:59)
at org.testng.internal.Invoker.invokeConfigurationMethod(Invoker.java:458)
at org.testng.internal.Invoker.invokeConfigurations(Invoker.java:222)
at org.testng.internal.Invoker.invokeConfigurations(Invoker.java:142)
at org.testng.internal.TestMethodWorker.invokeBeforeClassMethods(TestMethodWorker.java:168)
at org.testng.internal.TestMethodWorker.run(TestMethodWorker.java:105)
at org.testng.TestRunner.privateRun(TestRunner.java:648)
at org.testng.TestRunner.run(TestRunner.java:505)
at org.testng.SuiteRunner.runTest(SuiteRunner.java:455)
at org.testng.SuiteRunner.access$000(SuiteRunner.java:40)
at org.testng.SuiteRunner$SuiteWorker.run(SuiteRunner.java:489)
at org.testng.internal.thread.ThreadUtil$1.call(ThreadUtil.java:52)
at java.util.concurrent.FutureTask.run(Unknown Source)
at java.util.concurrent.ThreadPoolExecutor.runWorker(Unknown Source)
at java.util.concurrent.ThreadPoolExecutor$Worker.run(Unknown Source)
at java.lang.Thread.run(Unknown Source)
]]>
            </full-stacktrace>
          </exception> <!-- java.lang.IllegalStateException -->
          <reporter-output>
          </reporter-output>
        </test-method> <!-- configBc -->
        <test-method status="SKIP" signature="configBM()[pri:0, instance:com.vTiger.testscripts.DeleteVendorTest@6b19b79]" name="configBM" is-config="true" duration-ms="0" started-at="2020-06-07T14:45:09Z" finished-at="2020-06-07T14:45:09Z">
          <reporter-output>
          </reporter-output>
        </test-method> <!-- configBM -->
        <test-method status="SKIP" signature="deletevendor()[pri:0, instance:com.vTiger.testscripts.DeleteVendorTest@6b19b79]" name="deletevendor" duration-ms="0" started-at="2020-06-07T14:45:09Z" finished-at="2020-06-07T14:45:09Z">
          <exception class="java.lang.IllegalStateException">
            <message>
              <![CDATA[The path to the driver executable must be set by the webdriver.gecko.driver system property; for more information, see https://github.com/mozilla/geckodriver. The latest version can be downloaded from https://github.com/mozilla/geckodriver/releases]]>
            </message>
            <full-stacktrace>
              <![CDATA[java.lang.IllegalStateException: The path to the driver executable must be set by the webdriver.gecko.driver system property; for more information, see https://github.com/mozilla/geckodriver. The latest version can be downloaded from https://github.com/mozilla/geckodriver/releases
at com.google.common.base.Preconditions.checkState(Preconditions.java:847)
at org.openqa.selenium.remote.service.DriverService.findExecutable(DriverService.java:134)
at org.openqa.selenium.firefox.GeckoDriverService.access$100(GeckoDriverService.java:44)
at org.openqa.selenium.firefox.GeckoDriverService$Builder.findDefaultExecutable(GeckoDriverService.java:167)
at org.openqa.selenium.remote.service.DriverService$Builder.build(DriverService.java:355)
at org.openqa.selenium.firefox.FirefoxDriver.toExecutor(FirefoxDriver.java:190)
at org.openqa.selenium.firefox.FirefoxDriver.<init>(FirefoxDriver.java:147)
at org.openqa.selenium.firefox.FirefoxDriver.<init>(FirefoxDriver.java:125)
at com.vTiger.GenericLibs.Base.configBc(Base.java:36)
at sun.reflect.NativeMethodAccessorImpl.invoke0(Native Method)
at sun.reflect.NativeMethodAccessorImpl.invoke(Unknown Source)
at sun.reflect.DelegatingMethodAccessorImpl.invoke(Unknown Source)
at java.lang.reflect.Method.invoke(Unknown Source)
at org.testng.internal.MethodInvocationHelper.invokeMethod(MethodInvocationHelper.java:124)
at org.testng.internal.MethodInvocationHelper.invokeMethodConsideringTimeout(MethodInvocationHelper.java:59)
at org.testng.internal.Invoker.invokeConfigurationMethod(Invoker.java:458)
at org.testng.internal.Invoker.invokeConfigurations(Invoker.java:222)
at org.testng.internal.Invoker.invokeConfigurations(Invoker.java:142)
at org.testng.internal.TestMethodWorker.invokeBeforeClassMethods(TestMethodWorker.java:168)
at org.testng.internal.TestMethodWorker.run(TestMethodWorker.java:105)
at org.testng.TestRunner.privateRun(TestRunner.java:648)
at org.testng.TestRunner.run(TestRunner.java:505)
at org.testng.SuiteRunner.runTest(SuiteRunner.java:455)
at org.testng.SuiteRunner.access$000(SuiteRunner.java:40)
at org.testng.SuiteRunner$SuiteWorker.run(SuiteRunner.java:489)
at org.testng.internal.thread.ThreadUtil$1.call(ThreadUtil.java:52)
at java.util.concurrent.FutureTask.run(Unknown Source)
at java.util.concurrent.ThreadPoolExecutor.runWorker(Unknown Source)
at java.util.concurrent.ThreadPoolExecutor$Worker.run(Unknown Source)
at java.lang.Thread.run(Unknown Source)
]]>
            </full-stacktrace>
          </exception> <!-- java.lang.IllegalStateException -->
          <reporter-output>
          </reporter-output>
        </test-method> <!-- deletevendor -->
        <test-method status="SKIP" signature="configAm()[pri:0, instance:com.vTiger.testscripts.DeleteVendorTest@6b19b79]" name="configAm" is-config="true" duration-ms="0" started-at="2020-06-07T14:45:09Z" finished-at="2020-06-07T14:45:09Z">
          <reporter-output>
          </reporter-output>
        </test-method> <!-- configAm -->
        <test-method status="SKIP" signature="configAc()[pri:0, instance:com.vTiger.testscripts.DeleteVendorTest@6b19b79]" name="configAc" is-config="true" duration-ms="0" started-at="2020-06-07T14:45:09Z" finished-at="2020-06-07T14:45:09Z">
          <reporter-output>
          </reporter-output>
        </test-method> <!-- configAc -->
      </class> <!-- com.vTiger.testscripts.DeleteVendorTest -->
      <class name="com.vTiger.testscripts.DeleteAllContactTest">
        <test-method status="FAIL" signature="configBc(java.lang.String)[pri:0, instance:com.vTiger.testscripts.DeleteAllContactTest@7692d9cc]" name="configBc" is-config="true" duration-ms="26" started-at="2020-06-07T14:45:09Z" finished-at="2020-06-07T14:45:09Z">
          <params>
            <param index="0">
              <value>
                <![CDATA[firefox]]>
              </value>
            </param>
          </params>
          <exception class="java.lang.IllegalStateException">
            <message>
              <![CDATA[The path to the driver executable must be set by the webdriver.gecko.driver system property; for more information, see https://github.com/mozilla/geckodriver. The latest version can be downloaded from https://github.com/mozilla/geckodriver/releases]]>
            </message>
            <full-stacktrace>
              <![CDATA[java.lang.IllegalStateException: The path to the driver executable must be set by the webdriver.gecko.driver system property; for more information, see https://github.com/mozilla/geckodriver. The latest version can be downloaded from https://github.com/mozilla/geckodriver/releases
at com.google.common.base.Preconditions.checkState(Preconditions.java:847)
at org.openqa.selenium.remote.service.DriverService.findExecutable(DriverService.java:134)
at org.openqa.selenium.firefox.GeckoDriverService.access$100(GeckoDriverService.java:44)
at org.openqa.selenium.firefox.GeckoDriverService$Builder.findDefaultExecutable(GeckoDriverService.java:167)
at org.openqa.selenium.remote.service.DriverService$Builder.build(DriverService.java:355)
at org.openqa.selenium.firefox.FirefoxDriver.toExecutor(FirefoxDriver.java:190)
at org.openqa.selenium.firefox.FirefoxDriver.<init>(FirefoxDriver.java:147)
at org.openqa.selenium.firefox.FirefoxDriver.<init>(FirefoxDriver.java:125)
at com.vTiger.GenericLibs.Base.configBc(Base.java:36)
at sun.reflect.NativeMethodAccessorImpl.invoke0(Native Method)
at sun.reflect.NativeMethodAccessorImpl.invoke(Unknown Source)
at sun.reflect.DelegatingMethodAccessorImpl.invoke(Unknown Source)
at java.lang.reflect.Method.invoke(Unknown Source)
at org.testng.internal.MethodInvocationHelper.invokeMethod(MethodInvocationHelper.java:124)
at org.testng.internal.MethodInvocationHelper.invokeMethodConsideringTimeout(MethodInvocationHelper.java:59)
at org.testng.internal.Invoker.invokeConfigurationMethod(Invoker.java:458)
at org.testng.internal.Invoker.invokeConfigurations(Invoker.java:222)
at org.testng.internal.Invoker.invokeConfigurations(Invoker.java:142)
at org.testng.internal.TestMethodWorker.invokeBeforeClassMethods(TestMethodWorker.java:168)
at org.testng.internal.TestMethodWorker.run(TestMethodWorker.java:105)
at org.testng.TestRunner.privateRun(TestRunner.java:648)
at org.testng.TestRunner.run(TestRunner.java:505)
at org.testng.SuiteRunner.runTest(SuiteRunner.java:455)
at org.testng.SuiteRunner.access$000(SuiteRunner.java:40)
at org.testng.SuiteRunner$SuiteWorker.run(SuiteRunner.java:489)
at org.testng.internal.thread.ThreadUtil$1.call(ThreadUtil.java:52)
at java.util.concurrent.FutureTask.run(Unknown Source)
at java.util.concurrent.ThreadPoolExecutor.runWorker(Unknown Source)
at java.util.concurrent.ThreadPoolExecutor$Worker.run(Unknown Source)
at java.lang.Thread.run(Unknown Source)
]]>
            </full-stacktrace>
          </exception> <!-- java.lang.IllegalStateException -->
          <reporter-output>
          </reporter-output>
        </test-method> <!-- configBc -->
        <test-method status="SKIP" signature="configBM()[pri:0, instance:com.vTiger.testscripts.DeleteAllContactTest@7692d9cc]" name="configBM" is-config="true" duration-ms="0" started-at="2020-06-07T14:45:09Z" finished-at="2020-06-07T14:45:09Z">
          <reporter-output>
          </reporter-output>
        </test-method> <!-- configBM -->
        <test-method status="SKIP" signature="deleteAllContact()[pri:0, instance:com.vTiger.testscripts.DeleteAllContactTest@7692d9cc]" name="deleteAllContact" duration-ms="0" started-at="2020-06-07T14:45:09Z" finished-at="2020-06-07T14:45:09Z">
          <exception class="java.lang.IllegalStateException">
            <message>
              <![CDATA[The path to the driver executable must be set by the webdriver.gecko.driver system property; for more information, see https://github.com/mozilla/geckodriver. The latest version can be downloaded from https://github.com/mozilla/geckodriver/releases]]>
            </message>
            <full-stacktrace>
              <![CDATA[java.lang.IllegalStateException: The path to the driver executable must be set by the webdriver.gecko.driver system property; for more information, see https://github.com/mozilla/geckodriver. The latest version can be downloaded from https://github.com/mozilla/geckodriver/releases
at com.google.common.base.Preconditions.checkState(Preconditions.java:847)
at org.openqa.selenium.remote.service.DriverService.findExecutable(DriverService.java:134)
at org.openqa.selenium.firefox.GeckoDriverService.access$100(GeckoDriverService.java:44)
at org.openqa.selenium.firefox.GeckoDriverService$Builder.findDefaultExecutable(GeckoDriverService.java:167)
at org.openqa.selenium.remote.service.DriverService$Builder.build(DriverService.java:355)
at org.openqa.selenium.firefox.FirefoxDriver.toExecutor(FirefoxDriver.java:190)
at org.openqa.selenium.firefox.FirefoxDriver.<init>(FirefoxDriver.java:147)
at org.openqa.selenium.firefox.FirefoxDriver.<init>(FirefoxDriver.java:125)
at com.vTiger.GenericLibs.Base.configBc(Base.java:36)
at sun.reflect.NativeMethodAccessorImpl.invoke0(Native Method)
at sun.reflect.NativeMethodAccessorImpl.invoke(Unknown Source)
at sun.reflect.DelegatingMethodAccessorImpl.invoke(Unknown Source)
at java.lang.reflect.Method.invoke(Unknown Source)
at org.testng.internal.MethodInvocationHelper.invokeMethod(MethodInvocationHelper.java:124)
at org.testng.internal.MethodInvocationHelper.invokeMethodConsideringTimeout(MethodInvocationHelper.java:59)
at org.testng.internal.Invoker.invokeConfigurationMethod(Invoker.java:458)
at org.testng.internal.Invoker.invokeConfigurations(Invoker.java:222)
at org.testng.internal.Invoker.invokeConfigurations(Invoker.java:142)
at org.testng.internal.TestMethodWorker.invokeBeforeClassMethods(TestMethodWorker.java:168)
at org.testng.internal.TestMethodWorker.run(TestMethodWorker.java:105)
at org.testng.TestRunner.privateRun(TestRunner.java:648)
at org.testng.TestRunner.run(TestRunner.java:505)
at org.testng.SuiteRunner.runTest(SuiteRunner.java:455)
at org.testng.SuiteRunner.access$000(SuiteRunner.java:40)
at org.testng.SuiteRunner$SuiteWorker.run(SuiteRunner.java:489)
at org.testng.internal.thread.ThreadUtil$1.call(ThreadUtil.java:52)
at java.util.concurrent.FutureTask.run(Unknown Source)
at java.util.concurrent.ThreadPoolExecutor.runWorker(Unknown Source)
at java.util.concurrent.ThreadPoolExecutor$Worker.run(Unknown Source)
at java.lang.Thread.run(Unknown Source)
]]>
            </full-stacktrace>
          </exception> <!-- java.lang.IllegalStateException -->
          <reporter-output>
          </reporter-output>
        </test-method> <!-- deleteAllContact -->
        <test-method status="SKIP" signature="configAm()[pri:0, instance:com.vTiger.testscripts.DeleteAllContactTest@7692d9cc]" name="configAm" is-config="true" duration-ms="0" started-at="2020-06-07T14:45:09Z" finished-at="2020-06-07T14:45:09Z">
          <reporter-output>
          </reporter-output>
        </test-method> <!-- configAm -->
        <test-method status="SKIP" signature="configAc()[pri:0, instance:com.vTiger.testscripts.DeleteAllContactTest@7692d9cc]" name="configAc" is-config="true" duration-ms="0" started-at="2020-06-07T14:45:09Z" finished-at="2020-06-07T14:45:09Z">
          <reporter-output>
          </reporter-output>
        </test-method> <!-- configAc -->
      </class> <!-- com.vTiger.testscripts.DeleteAllContactTest -->
      <class name="com.vTiger.testscripts.CreateLeadTest">
        <test-method status="FAIL" signature="configBc(java.lang.String)[pri:0, instance:com.vTiger.testscripts.CreateLeadTest@1d082e88]" name="configBc" is-config="true" duration-ms="150" started-at="2020-06-07T14:45:08Z" finished-at="2020-06-07T14:45:08Z">
          <params>
            <param index="0">
              <value>
                <![CDATA[firefox]]>
              </value>
            </param>
          </params>
          <exception class="java.lang.IllegalStateException">
            <message>
              <![CDATA[The path to the driver executable must be set by the webdriver.gecko.driver system property; for more information, see https://github.com/mozilla/geckodriver. The latest version can be downloaded from https://github.com/mozilla/geckodriver/releases]]>
            </message>
            <full-stacktrace>
              <![CDATA[java.lang.IllegalStateException: The path to the driver executable must be set by the webdriver.gecko.driver system property; for more information, see https://github.com/mozilla/geckodriver. The latest version can be downloaded from https://github.com/mozilla/geckodriver/releases
at com.google.common.base.Preconditions.checkState(Preconditions.java:847)
at org.openqa.selenium.remote.service.DriverService.findExecutable(DriverService.java:134)
at org.openqa.selenium.firefox.GeckoDriverService.access$100(GeckoDriverService.java:44)
at org.openqa.selenium.firefox.GeckoDriverService$Builder.findDefaultExecutable(GeckoDriverService.java:167)
at org.openqa.selenium.remote.service.DriverService$Builder.build(DriverService.java:355)
at org.openqa.selenium.firefox.FirefoxDriver.toExecutor(FirefoxDriver.java:190)
at org.openqa.selenium.firefox.FirefoxDriver.<init>(FirefoxDriver.java:147)
at org.openqa.selenium.firefox.FirefoxDriver.<init>(FirefoxDriver.java:125)
at com.vTiger.GenericLibs.Base.configBc(Base.java:36)
at sun.reflect.NativeMethodAccessorImpl.invoke0(Native Method)
at sun.reflect.NativeMethodAccessorImpl.invoke(Unknown Source)
at sun.reflect.DelegatingMethodAccessorImpl.invoke(Unknown Source)
at java.lang.reflect.Method.invoke(Unknown Source)
at org.testng.internal.MethodInvocationHelper.invokeMethod(MethodInvocationHelper.java:124)
at org.testng.internal.MethodInvocationHelper.invokeMethodConsideringTimeout(MethodInvocationHelper.java:59)
at org.testng.internal.Invoker.invokeConfigurationMethod(Invoker.java:458)
at org.testng.internal.Invoker.invokeConfigurations(Invoker.java:222)
at org.testng.internal.Invoker.invokeConfigurations(Invoker.java:142)
at org.testng.internal.TestMethodWorker.invokeBeforeClassMethods(TestMethodWorker.java:168)
at org.testng.internal.TestMethodWorker.run(TestMethodWorker.java:105)
at org.testng.TestRunner.privateRun(TestRunner.java:648)
at org.testng.TestRunner.run(TestRunner.java:505)
at org.testng.SuiteRunner.runTest(SuiteRunner.java:455)
at org.testng.SuiteRunner.access$000(SuiteRunner.java:40)
at org.testng.SuiteRunner$SuiteWorker.run(SuiteRunner.java:489)
at org.testng.internal.thread.ThreadUtil$1.call(ThreadUtil.java:52)
at java.util.concurrent.FutureTask.run(Unknown Source)
at java.util.concurrent.ThreadPoolExecutor.runWorker(Unknown Source)
at java.util.concurrent.ThreadPoolExecutor$Worker.run(Unknown Source)
at java.lang.Thread.run(Unknown Source)
]]>
            </full-stacktrace>
          </exception> <!-- java.lang.IllegalStateException -->
          <reporter-output>
          </reporter-output>
        </test-method> <!-- configBc -->
        <test-method status="SKIP" signature="configBM()[pri:0, instance:com.vTiger.testscripts.CreateLeadTest@1d082e88]" name="configBM" is-config="true" duration-ms="0" started-at="2020-06-07T14:45:09Z" finished-at="2020-06-07T14:45:09Z">
          <reporter-output>
          </reporter-output>
        </test-method> <!-- configBM -->
        <test-method status="SKIP" signature="createLead(java.lang.String, java.lang.String, java.lang.String, java.lang.String, java.lang.String, java.lang.String, java.lang.String, java.lang.String, java.lang.String, java.lang.String, java.lang.String, java.lang.String, java.lang.String, java.lang.String, java.lang.String, java.lang.String, java.lang.String)[pri:0, instance:com.vTiger.testscripts.CreateLeadTest@1d082e88]" name="createLead" duration-ms="0" started-at="2020-06-07T14:45:09Z" data-provider="readdata" finished-at="2020-06-07T14:45:09Z">
          <exception class="java.lang.IllegalStateException">
            <message>
              <![CDATA[The path to the driver executable must be set by the webdriver.gecko.driver system property; for more information, see https://github.com/mozilla/geckodriver. The latest version can be downloaded from https://github.com/mozilla/geckodriver/releases]]>
            </message>
            <full-stacktrace>
              <![CDATA[java.lang.IllegalStateException: The path to the driver executable must be set by the webdriver.gecko.driver system property; for more information, see https://github.com/mozilla/geckodriver. The latest version can be downloaded from https://github.com/mozilla/geckodriver/releases
at com.google.common.base.Preconditions.checkState(Preconditions.java:847)
at org.openqa.selenium.remote.service.DriverService.findExecutable(DriverService.java:134)
at org.openqa.selenium.firefox.GeckoDriverService.access$100(GeckoDriverService.java:44)
at org.openqa.selenium.firefox.GeckoDriverService$Builder.findDefaultExecutable(GeckoDriverService.java:167)
at org.openqa.selenium.remote.service.DriverService$Builder.build(DriverService.java:355)
at org.openqa.selenium.firefox.FirefoxDriver.toExecutor(FirefoxDriver.java:190)
at org.openqa.selenium.firefox.FirefoxDriver.<init>(FirefoxDriver.java:147)
at org.openqa.selenium.firefox.FirefoxDriver.<init>(FirefoxDriver.java:125)
at com.vTiger.GenericLibs.Base.configBc(Base.java:36)
at sun.reflect.NativeMethodAccessorImpl.invoke0(Native Method)
at sun.reflect.NativeMethodAccessorImpl.invoke(Unknown Source)
at sun.reflect.DelegatingMethodAccessorImpl.invoke(Unknown Source)
at java.lang.reflect.Method.invoke(Unknown Source)
at org.testng.internal.MethodInvocationHelper.invokeMethod(MethodInvocationHelper.java:124)
at org.testng.internal.MethodInvocationHelper.invokeMethodConsideringTimeout(MethodInvocationHelper.java:59)
at org.testng.internal.Invoker.invokeConfigurationMethod(Invoker.java:458)
at org.testng.internal.Invoker.invokeConfigurations(Invoker.java:222)
at org.testng.internal.Invoker.invokeConfigurations(Invoker.java:142)
at org.testng.internal.TestMethodWorker.invokeBeforeClassMethods(TestMethodWorker.java:168)
at org.testng.internal.TestMethodWorker.run(TestMethodWorker.java:105)
at org.testng.TestRunner.privateRun(TestRunner.java:648)
at org.testng.TestRunner.run(TestRunner.java:505)
at org.testng.SuiteRunner.runTest(SuiteRunner.java:455)
at org.testng.SuiteRunner.access$000(SuiteRunner.java:40)
at org.testng.SuiteRunner$SuiteWorker.run(SuiteRunner.java:489)
at org.testng.internal.thread.ThreadUtil$1.call(ThreadUtil.java:52)
at java.util.concurrent.FutureTask.run(Unknown Source)
at java.util.concurrent.ThreadPoolExecutor.runWorker(Unknown Source)
at java.util.concurrent.ThreadPoolExecutor$Worker.run(Unknown Source)
at java.lang.Thread.run(Unknown Source)
]]>
            </full-stacktrace>
          </exception> <!-- java.lang.IllegalStateException -->
          <reporter-output>
          </reporter-output>
        </test-method> <!-- createLead -->
        <test-method status="SKIP" signature="configAm()[pri:0, instance:com.vTiger.testscripts.CreateLeadTest@1d082e88]" name="configAm" is-config="true" duration-ms="0" started-at="2020-06-07T14:45:09Z" finished-at="2020-06-07T14:45:09Z">
          <reporter-output>
          </reporter-output>
        </test-method> <!-- configAm -->
        <test-method status="SKIP" signature="configBM()[pri:0, instance:com.vTiger.testscripts.CreateLeadTest@1d082e88]" name="configBM" is-config="true" duration-ms="0" started-at="2020-06-07T14:45:09Z" finished-at="2020-06-07T14:45:09Z">
          <reporter-output>
          </reporter-output>
        </test-method> <!-- configBM -->
        <test-method status="SKIP" signature="createLead(java.lang.String, java.lang.String, java.lang.String, java.lang.String, java.lang.String, java.lang.String, java.lang.String, java.lang.String, java.lang.String, java.lang.String, java.lang.String, java.lang.String, java.lang.String, java.lang.String, java.lang.String, java.lang.String, java.lang.String)[pri:0, instance:com.vTiger.testscripts.CreateLeadTest@1d082e88]" name="createLead" duration-ms="0" started-at="2020-06-07T14:45:09Z" data-provider="readdata" finished-at="2020-06-07T14:45:09Z">
          <exception class="java.lang.IllegalStateException">
            <message>
              <![CDATA[The path to the driver executable must be set by the webdriver.gecko.driver system property; for more information, see https://github.com/mozilla/geckodriver. The latest version can be downloaded from https://github.com/mozilla/geckodriver/releases]]>
            </message>
            <full-stacktrace>
              <![CDATA[java.lang.IllegalStateException: The path to the driver executable must be set by the webdriver.gecko.driver system property; for more information, see https://github.com/mozilla/geckodriver. The latest version can be downloaded from https://github.com/mozilla/geckodriver/releases
at com.google.common.base.Preconditions.checkState(Preconditions.java:847)
at org.openqa.selenium.remote.service.DriverService.findExecutable(DriverService.java:134)
at org.openqa.selenium.firefox.GeckoDriverService.access$100(GeckoDriverService.java:44)
at org.openqa.selenium.firefox.GeckoDriverService$Builder.findDefaultExecutable(GeckoDriverService.java:167)
at org.openqa.selenium.remote.service.DriverService$Builder.build(DriverService.java:355)
at org.openqa.selenium.firefox.FirefoxDriver.toExecutor(FirefoxDriver.java:190)
at org.openqa.selenium.firefox.FirefoxDriver.<init>(FirefoxDriver.java:147)
at org.openqa.selenium.firefox.FirefoxDriver.<init>(FirefoxDriver.java:125)
at com.vTiger.GenericLibs.Base.configBc(Base.java:36)
at sun.reflect.NativeMethodAccessorImpl.invoke0(Native Method)
at sun.reflect.NativeMethodAccessorImpl.invoke(Unknown Source)
at sun.reflect.DelegatingMethodAccessorImpl.invoke(Unknown Source)
at java.lang.reflect.Method.invoke(Unknown Source)
at org.testng.internal.MethodInvocationHelper.invokeMethod(MethodInvocationHelper.java:124)
at org.testng.internal.MethodInvocationHelper.invokeMethodConsideringTimeout(MethodInvocationHelper.java:59)
at org.testng.internal.Invoker.invokeConfigurationMethod(Invoker.java:458)
at org.testng.internal.Invoker.invokeConfigurations(Invoker.java:222)
at org.testng.internal.Invoker.invokeConfigurations(Invoker.java:142)
at org.testng.internal.TestMethodWorker.invokeBeforeClassMethods(TestMethodWorker.java:168)
at org.testng.internal.TestMethodWorker.run(TestMethodWorker.java:105)
at org.testng.TestRunner.privateRun(TestRunner.java:648)
at org.testng.TestRunner.run(TestRunner.java:505)
at org.testng.SuiteRunner.runTest(SuiteRunner.java:455)
at org.testng.SuiteRunner.access$000(SuiteRunner.java:40)
at org.testng.SuiteRunner$SuiteWorker.run(SuiteRunner.java:489)
at org.testng.internal.thread.ThreadUtil$1.call(ThreadUtil.java:52)
at java.util.concurrent.FutureTask.run(Unknown Source)
at java.util.concurrent.ThreadPoolExecutor.runWorker(Unknown Source)
at java.util.concurrent.ThreadPoolExecutor$Worker.run(Unknown Source)
at java.lang.Thread.run(Unknown Source)
]]>
            </full-stacktrace>
          </exception> <!-- java.lang.IllegalStateException -->
          <reporter-output>
          </reporter-output>
        </test-method> <!-- createLead -->
        <test-method status="SKIP" signature="configAm()[pri:0, instance:com.vTiger.testscripts.CreateLeadTest@1d082e88]" name="configAm" is-config="true" duration-ms="0" started-at="2020-06-07T14:45:09Z" finished-at="2020-06-07T14:45:09Z">
          <reporter-output>
          </reporter-output>
        </test-method> <!-- configAm -->
        <test-method status="SKIP" signature="configAc()[pri:0, instance:com.vTiger.testscripts.CreateLeadTest@1d082e88]" name="configAc" is-config="true" duration-ms="0" started-at="2020-06-07T14:45:09Z" finished-at="2020-06-07T14:45:09Z">
          <reporter-output>
          </reporter-output>
        </test-method> <!-- configAc -->
      </class> <!-- com.vTiger.testscripts.CreateLeadTest -->
      <class name="com.vTiger.testscripts.DeleteLeadTest">
        <test-method status="FAIL" signature="configBc(java.lang.String)[pri:0, instance:com.vTiger.testscripts.DeleteLeadTest@2a32de6c]" name="configBc" is-config="true" duration-ms="20" started-at="2020-06-07T14:45:09Z" finished-at="2020-06-07T14:45:09Z">
          <params>
            <param index="0">
              <value>
                <![CDATA[firefox]]>
              </value>
            </param>
          </params>
          <exception class="java.lang.IllegalStateException">
            <message>
              <![CDATA[The path to the driver executable must be set by the webdriver.gecko.driver system property; for more information, see https://github.com/mozilla/geckodriver. The latest version can be downloaded from https://github.com/mozilla/geckodriver/releases]]>
            </message>
            <full-stacktrace>
              <![CDATA[java.lang.IllegalStateException: The path to the driver executable must be set by the webdriver.gecko.driver system property; for more information, see https://github.com/mozilla/geckodriver. The latest version can be downloaded from https://github.com/mozilla/geckodriver/releases
at com.google.common.base.Preconditions.checkState(Preconditions.java:847)
at org.openqa.selenium.remote.service.DriverService.findExecutable(DriverService.java:134)
at org.openqa.selenium.firefox.GeckoDriverService.access$100(GeckoDriverService.java:44)
at org.openqa.selenium.firefox.GeckoDriverService$Builder.findDefaultExecutable(GeckoDriverService.java:167)
at org.openqa.selenium.remote.service.DriverService$Builder.build(DriverService.java:355)
at org.openqa.selenium.firefox.FirefoxDriver.toExecutor(FirefoxDriver.java:190)
at org.openqa.selenium.firefox.FirefoxDriver.<init>(FirefoxDriver.java:147)
at org.openqa.selenium.firefox.FirefoxDriver.<init>(FirefoxDriver.java:125)
at com.vTiger.GenericLibs.Base.configBc(Base.java:36)
at sun.reflect.NativeMethodAccessorImpl.invoke0(Native Method)
at sun.reflect.NativeMethodAccessorImpl.invoke(Unknown Source)
at sun.reflect.DelegatingMethodAccessorImpl.invoke(Unknown Source)
at java.lang.reflect.Method.invoke(Unknown Source)
at org.testng.internal.MethodInvocationHelper.invokeMethod(MethodInvocationHelper.java:124)
at org.testng.internal.MethodInvocationHelper.invokeMethodConsideringTimeout(MethodInvocationHelper.java:59)
at org.testng.internal.Invoker.invokeConfigurationMethod(Invoker.java:458)
at org.testng.internal.Invoker.invokeConfigurations(Invoker.java:222)
at org.testng.internal.Invoker.invokeConfigurations(Invoker.java:142)
at org.testng.internal.TestMethodWorker.invokeBeforeClassMethods(TestMethodWorker.java:168)
at org.testng.internal.TestMethodWorker.run(TestMethodWorker.java:105)
at org.testng.TestRunner.privateRun(TestRunner.java:648)
at org.testng.TestRunner.run(TestRunner.java:505)
at org.testng.SuiteRunner.runTest(SuiteRunner.java:455)
at org.testng.SuiteRunner.access$000(SuiteRunner.java:40)
at org.testng.SuiteRunner$SuiteWorker.run(SuiteRunner.java:489)
at org.testng.internal.thread.ThreadUtil$1.call(ThreadUtil.java:52)
at java.util.concurrent.FutureTask.run(Unknown Source)
at java.util.concurrent.ThreadPoolExecutor.runWorker(Unknown Source)
at java.util.concurrent.ThreadPoolExecutor$Worker.run(Unknown Source)
at java.lang.Thread.run(Unknown Source)
]]>
            </full-stacktrace>
          </exception> <!-- java.lang.IllegalStateException -->
          <reporter-output>
          </reporter-output>
        </test-method> <!-- configBc -->
        <test-method status="SKIP" signature="configBM()[pri:0, instance:com.vTiger.testscripts.DeleteLeadTest@2a32de6c]" name="configBM" is-config="true" duration-ms="0" started-at="2020-06-07T14:45:09Z" finished-at="2020-06-07T14:45:09Z">
          <reporter-output>
          </reporter-output>
        </test-method> <!-- configBM -->
        <test-method status="SKIP" signature="deleteLead()[pri:0, instance:com.vTiger.testscripts.DeleteLeadTest@2a32de6c]" name="deleteLead" duration-ms="0" started-at="2020-06-07T14:45:09Z" finished-at="2020-06-07T14:45:09Z">
          <exception class="java.lang.IllegalStateException">
            <message>
              <![CDATA[The path to the driver executable must be set by the webdriver.gecko.driver system property; for more information, see https://github.com/mozilla/geckodriver. The latest version can be downloaded from https://github.com/mozilla/geckodriver/releases]]>
            </message>
            <full-stacktrace>
              <![CDATA[java.lang.IllegalStateException: The path to the driver executable must be set by the webdriver.gecko.driver system property; for more information, see https://github.com/mozilla/geckodriver. The latest version can be downloaded from https://github.com/mozilla/geckodriver/releases
at com.google.common.base.Preconditions.checkState(Preconditions.java:847)
at org.openqa.selenium.remote.service.DriverService.findExecutable(DriverService.java:134)
at org.openqa.selenium.firefox.GeckoDriverService.access$100(GeckoDriverService.java:44)
at org.openqa.selenium.firefox.GeckoDriverService$Builder.findDefaultExecutable(GeckoDriverService.java:167)
at org.openqa.selenium.remote.service.DriverService$Builder.build(DriverService.java:355)
at org.openqa.selenium.firefox.FirefoxDriver.toExecutor(FirefoxDriver.java:190)
at org.openqa.selenium.firefox.FirefoxDriver.<init>(FirefoxDriver.java:147)
at org.openqa.selenium.firefox.FirefoxDriver.<init>(FirefoxDriver.java:125)
at com.vTiger.GenericLibs.Base.configBc(Base.java:36)
at sun.reflect.NativeMethodAccessorImpl.invoke0(Native Method)
at sun.reflect.NativeMethodAccessorImpl.invoke(Unknown Source)
at sun.reflect.DelegatingMethodAccessorImpl.invoke(Unknown Source)
at java.lang.reflect.Method.invoke(Unknown Source)
at org.testng.internal.MethodInvocationHelper.invokeMethod(MethodInvocationHelper.java:124)
at org.testng.internal.MethodInvocationHelper.invokeMethodConsideringTimeout(MethodInvocationHelper.java:59)
at org.testng.internal.Invoker.invokeConfigurationMethod(Invoker.java:458)
at org.testng.internal.Invoker.invokeConfigurations(Invoker.java:222)
at org.testng.internal.Invoker.invokeConfigurations(Invoker.java:142)
at org.testng.internal.TestMethodWorker.invokeBeforeClassMethods(TestMethodWorker.java:168)
at org.testng.internal.TestMethodWorker.run(TestMethodWorker.java:105)
at org.testng.TestRunner.privateRun(TestRunner.java:648)
at org.testng.TestRunner.run(TestRunner.java:505)
at org.testng.SuiteRunner.runTest(SuiteRunner.java:455)
at org.testng.SuiteRunner.access$000(SuiteRunner.java:40)
at org.testng.SuiteRunner$SuiteWorker.run(SuiteRunner.java:489)
at org.testng.internal.thread.ThreadUtil$1.call(ThreadUtil.java:52)
at java.util.concurrent.FutureTask.run(Unknown Source)
at java.util.concurrent.ThreadPoolExecutor.runWorker(Unknown Source)
at java.util.concurrent.ThreadPoolExecutor$Worker.run(Unknown Source)
at java.lang.Thread.run(Unknown Source)
]]>
            </full-stacktrace>
          </exception> <!-- java.lang.IllegalStateException -->
          <reporter-output>
          </reporter-output>
        </test-method> <!-- deleteLead -->
        <test-method status="SKIP" signature="configAm()[pri:0, instance:com.vTiger.testscripts.DeleteLeadTest@2a32de6c]" name="configAm" is-config="true" duration-ms="0" started-at="2020-06-07T14:45:09Z" finished-at="2020-06-07T14:45:09Z">
          <reporter-output>
          </reporter-output>
        </test-method> <!-- configAm -->
        <test-method status="SKIP" signature="configAc()[pri:0, instance:com.vTiger.testscripts.DeleteLeadTest@2a32de6c]" name="configAc" is-config="true" duration-ms="0" started-at="2020-06-07T14:45:09Z" finished-at="2020-06-07T14:45:09Z">
          <reporter-output>
          </reporter-output>
        </test-method> <!-- configAc -->
      </class> <!-- com.vTiger.testscripts.DeleteLeadTest -->
      <class name="com.vTiger.testscripts.CreateProductTest">
        <test-method status="FAIL" signature="configBc(java.lang.String)[pri:0, instance:com.vTiger.testscripts.CreateProductTest@7d3a22a9]" name="configBc" is-config="true" duration-ms="129" started-at="2020-06-07T14:45:08Z" finished-at="2020-06-07T14:45:08Z">
          <params>
            <param index="0">
              <value>
                <![CDATA[firefox]]>
              </value>
            </param>
          </params>
          <exception class="java.lang.IllegalStateException">
            <message>
              <![CDATA[The path to the driver executable must be set by the webdriver.gecko.driver system property; for more information, see https://github.com/mozilla/geckodriver. The latest version can be downloaded from https://github.com/mozilla/geckodriver/releases]]>
            </message>
            <full-stacktrace>
              <![CDATA[java.lang.IllegalStateException: The path to the driver executable must be set by the webdriver.gecko.driver system property; for more information, see https://github.com/mozilla/geckodriver. The latest version can be downloaded from https://github.com/mozilla/geckodriver/releases
at com.google.common.base.Preconditions.checkState(Preconditions.java:847)
at org.openqa.selenium.remote.service.DriverService.findExecutable(DriverService.java:134)
at org.openqa.selenium.firefox.GeckoDriverService.access$100(GeckoDriverService.java:44)
at org.openqa.selenium.firefox.GeckoDriverService$Builder.findDefaultExecutable(GeckoDriverService.java:167)
at org.openqa.selenium.remote.service.DriverService$Builder.build(DriverService.java:355)
at org.openqa.selenium.firefox.FirefoxDriver.toExecutor(FirefoxDriver.java:190)
at org.openqa.selenium.firefox.FirefoxDriver.<init>(FirefoxDriver.java:147)
at org.openqa.selenium.firefox.FirefoxDriver.<init>(FirefoxDriver.java:125)
at com.vTiger.GenericLibs.Base.configBc(Base.java:36)
at sun.reflect.NativeMethodAccessorImpl.invoke0(Native Method)
at sun.reflect.NativeMethodAccessorImpl.invoke(Unknown Source)
at sun.reflect.DelegatingMethodAccessorImpl.invoke(Unknown Source)
at java.lang.reflect.Method.invoke(Unknown Source)
at org.testng.internal.MethodInvocationHelper.invokeMethod(MethodInvocationHelper.java:124)
at org.testng.internal.MethodInvocationHelper.invokeMethodConsideringTimeout(MethodInvocationHelper.java:59)
at org.testng.internal.Invoker.invokeConfigurationMethod(Invoker.java:458)
at org.testng.internal.Invoker.invokeConfigurations(Invoker.java:222)
at org.testng.internal.Invoker.invokeConfigurations(Invoker.java:142)
at org.testng.internal.TestMethodWorker.invokeBeforeClassMethods(TestMethodWorker.java:168)
at org.testng.internal.TestMethodWorker.run(TestMethodWorker.java:105)
at org.testng.TestRunner.privateRun(TestRunner.java:648)
at org.testng.TestRunner.run(TestRunner.java:505)
at org.testng.SuiteRunner.runTest(SuiteRunner.java:455)
at org.testng.SuiteRunner.access$000(SuiteRunner.java:40)
at org.testng.SuiteRunner$SuiteWorker.run(SuiteRunner.java:489)
at org.testng.internal.thread.ThreadUtil$1.call(ThreadUtil.java:52)
at java.util.concurrent.FutureTask.run(Unknown Source)
at java.util.concurrent.ThreadPoolExecutor.runWorker(Unknown Source)
at java.util.concurrent.ThreadPoolExecutor$Worker.run(Unknown Source)
at java.lang.Thread.run(Unknown Source)
]]>
            </full-stacktrace>
          </exception> <!-- java.lang.IllegalStateException -->
          <reporter-output>
          </reporter-output>
        </test-method> <!-- configBc -->
        <test-method status="SKIP" signature="configBM()[pri:0, instance:com.vTiger.testscripts.CreateProductTest@7d3a22a9]" name="configBM" is-config="true" duration-ms="0" started-at="2020-06-07T14:45:08Z" finished-at="2020-06-07T14:45:08Z">
          <reporter-output>
          </reporter-output>
        </test-method> <!-- configBM -->
        <test-method status="SKIP" signature="createproduct()[pri:0, instance:com.vTiger.testscripts.CreateProductTest@7d3a22a9]" name="createproduct" duration-ms="0" started-at="2020-06-07T14:45:08Z" finished-at="2020-06-07T14:45:08Z">
          <exception class="java.lang.IllegalStateException">
            <message>
              <![CDATA[The path to the driver executable must be set by the webdriver.gecko.driver system property; for more information, see https://github.com/mozilla/geckodriver. The latest version can be downloaded from https://github.com/mozilla/geckodriver/releases]]>
            </message>
            <full-stacktrace>
              <![CDATA[java.lang.IllegalStateException: The path to the driver executable must be set by the webdriver.gecko.driver system property; for more information, see https://github.com/mozilla/geckodriver. The latest version can be downloaded from https://github.com/mozilla/geckodriver/releases
at com.google.common.base.Preconditions.checkState(Preconditions.java:847)
at org.openqa.selenium.remote.service.DriverService.findExecutable(DriverService.java:134)
at org.openqa.selenium.firefox.GeckoDriverService.access$100(GeckoDriverService.java:44)
at org.openqa.selenium.firefox.GeckoDriverService$Builder.findDefaultExecutable(GeckoDriverService.java:167)
at org.openqa.selenium.remote.service.DriverService$Builder.build(DriverService.java:355)
at org.openqa.selenium.firefox.FirefoxDriver.toExecutor(FirefoxDriver.java:190)
at org.openqa.selenium.firefox.FirefoxDriver.<init>(FirefoxDriver.java:147)
at org.openqa.selenium.firefox.FirefoxDriver.<init>(FirefoxDriver.java:125)
at com.vTiger.GenericLibs.Base.configBc(Base.java:36)
at sun.reflect.NativeMethodAccessorImpl.invoke0(Native Method)
at sun.reflect.NativeMethodAccessorImpl.invoke(Unknown Source)
at sun.reflect.DelegatingMethodAccessorImpl.invoke(Unknown Source)
at java.lang.reflect.Method.invoke(Unknown Source)
at org.testng.internal.MethodInvocationHelper.invokeMethod(MethodInvocationHelper.java:124)
at org.testng.internal.MethodInvocationHelper.invokeMethodConsideringTimeout(MethodInvocationHelper.java:59)
at org.testng.internal.Invoker.invokeConfigurationMethod(Invoker.java:458)
at org.testng.internal.Invoker.invokeConfigurations(Invoker.java:222)
at org.testng.internal.Invoker.invokeConfigurations(Invoker.java:142)
at org.testng.internal.TestMethodWorker.invokeBeforeClassMethods(TestMethodWorker.java:168)
at org.testng.internal.TestMethodWorker.run(TestMethodWorker.java:105)
at org.testng.TestRunner.privateRun(TestRunner.java:648)
at org.testng.TestRunner.run(TestRunner.java:505)
at org.testng.SuiteRunner.runTest(SuiteRunner.java:455)
at org.testng.SuiteRunner.access$000(SuiteRunner.java:40)
at org.testng.SuiteRunner$SuiteWorker.run(SuiteRunner.java:489)
at org.testng.internal.thread.ThreadUtil$1.call(ThreadUtil.java:52)
at java.util.concurrent.FutureTask.run(Unknown Source)
at java.util.concurrent.ThreadPoolExecutor.runWorker(Unknown Source)
at java.util.concurrent.ThreadPoolExecutor$Worker.run(Unknown Source)
at java.lang.Thread.run(Unknown Source)
]]>
            </full-stacktrace>
          </exception> <!-- java.lang.IllegalStateException -->
          <reporter-output>
          </reporter-output>
        </test-method> <!-- createproduct -->
        <test-method status="SKIP" signature="configAm()[pri:0, instance:com.vTiger.testscripts.CreateProductTest@7d3a22a9]" name="configAm" is-config="true" duration-ms="0" started-at="2020-06-07T14:45:08Z" finished-at="2020-06-07T14:45:08Z">
          <reporter-output>
          </reporter-output>
        </test-method> <!-- configAm -->
        <test-method status="SKIP" signature="configAc()[pri:0, instance:com.vTiger.testscripts.CreateProductTest@7d3a22a9]" name="configAc" is-config="true" duration-ms="0" started-at="2020-06-07T14:45:08Z" finished-at="2020-06-07T14:45:08Z">
          <reporter-output>
          </reporter-output>
        </test-method> <!-- configAc -->
      </class> <!-- com.vTiger.testscripts.CreateProductTest -->
      <class name="com.vTiger.testscripts.CreateVendorTest">
        <test-method status="FAIL" signature="configBc(java.lang.String)[pri:0, instance:com.vTiger.testscripts.CreateVendorTest@60704c]" name="configBc" is-config="true" duration-ms="63" started-at="2020-06-07T14:45:09Z" finished-at="2020-06-07T14:45:09Z">
          <params>
            <param index="0">
              <value>
                <![CDATA[firefox]]>
              </value>
            </param>
          </params>
          <exception class="java.lang.IllegalStateException">
            <message>
              <![CDATA[The path to the driver executable must be set by the webdriver.gecko.driver system property; for more information, see https://github.com/mozilla/geckodriver. The latest version can be downloaded from https://github.com/mozilla/geckodriver/releases]]>
            </message>
            <full-stacktrace>
              <![CDATA[java.lang.IllegalStateException: The path to the driver executable must be set by the webdriver.gecko.driver system property; for more information, see https://github.com/mozilla/geckodriver. The latest version can be downloaded from https://github.com/mozilla/geckodriver/releases
at com.google.common.base.Preconditions.checkState(Preconditions.java:847)
at org.openqa.selenium.remote.service.DriverService.findExecutable(DriverService.java:134)
at org.openqa.selenium.firefox.GeckoDriverService.access$100(GeckoDriverService.java:44)
at org.openqa.selenium.firefox.GeckoDriverService$Builder.findDefaultExecutable(GeckoDriverService.java:167)
at org.openqa.selenium.remote.service.DriverService$Builder.build(DriverService.java:355)
at org.openqa.selenium.firefox.FirefoxDriver.toExecutor(FirefoxDriver.java:190)
at org.openqa.selenium.firefox.FirefoxDriver.<init>(FirefoxDriver.java:147)
at org.openqa.selenium.firefox.FirefoxDriver.<init>(FirefoxDriver.java:125)
at com.vTiger.GenericLibs.Base.configBc(Base.java:36)
at sun.reflect.NativeMethodAccessorImpl.invoke0(Native Method)
at sun.reflect.NativeMethodAccessorImpl.invoke(Unknown Source)
at sun.reflect.DelegatingMethodAccessorImpl.invoke(Unknown Source)
at java.lang.reflect.Method.invoke(Unknown Source)
at org.testng.internal.MethodInvocationHelper.invokeMethod(MethodInvocationHelper.java:124)
at org.testng.internal.MethodInvocationHelper.invokeMethodConsideringTimeout(MethodInvocationHelper.java:59)
at org.testng.internal.Invoker.invokeConfigurationMethod(Invoker.java:458)
at org.testng.internal.Invoker.invokeConfigurations(Invoker.java:222)
at org.testng.internal.Invoker.invokeConfigurations(Invoker.java:142)
at org.testng.internal.TestMethodWorker.invokeBeforeClassMethods(TestMethodWorker.java:168)
at org.testng.internal.TestMethodWorker.run(TestMethodWorker.java:105)
at org.testng.TestRunner.privateRun(TestRunner.java:648)
at org.testng.TestRunner.run(TestRunner.java:505)
at org.testng.SuiteRunner.runTest(SuiteRunner.java:455)
at org.testng.SuiteRunner.access$000(SuiteRunner.java:40)
at org.testng.SuiteRunner$SuiteWorker.run(SuiteRunner.java:489)
at org.testng.internal.thread.ThreadUtil$1.call(ThreadUtil.java:52)
at java.util.concurrent.FutureTask.run(Unknown Source)
at java.util.concurrent.ThreadPoolExecutor.runWorker(Unknown Source)
at java.util.concurrent.ThreadPoolExecutor$Worker.run(Unknown Source)
at java.lang.Thread.run(Unknown Source)
]]>
            </full-stacktrace>
          </exception> <!-- java.lang.IllegalStateException -->
          <reporter-output>
          </reporter-output>
        </test-method> <!-- configBc -->
        <test-method status="SKIP" signature="configBM()[pri:0, instance:com.vTiger.testscripts.CreateVendorTest@60704c]" name="configBM" is-config="true" duration-ms="0" started-at="2020-06-07T14:45:09Z" finished-at="2020-06-07T14:45:09Z">
          <reporter-output>
          </reporter-output>
        </test-method> <!-- configBM -->
        <test-method status="SKIP" signature="createVendor()[pri:0, instance:com.vTiger.testscripts.CreateVendorTest@60704c]" name="createVendor" duration-ms="0" started-at="2020-06-07T14:45:09Z" finished-at="2020-06-07T14:45:09Z">
          <exception class="java.lang.IllegalStateException">
            <message>
              <![CDATA[The path to the driver executable must be set by the webdriver.gecko.driver system property; for more information, see https://github.com/mozilla/geckodriver. The latest version can be downloaded from https://github.com/mozilla/geckodriver/releases]]>
            </message>
            <full-stacktrace>
              <![CDATA[java.lang.IllegalStateException: The path to the driver executable must be set by the webdriver.gecko.driver system property; for more information, see https://github.com/mozilla/geckodriver. The latest version can be downloaded from https://github.com/mozilla/geckodriver/releases
at com.google.common.base.Preconditions.checkState(Preconditions.java:847)
at org.openqa.selenium.remote.service.DriverService.findExecutable(DriverService.java:134)
at org.openqa.selenium.firefox.GeckoDriverService.access$100(GeckoDriverService.java:44)
at org.openqa.selenium.firefox.GeckoDriverService$Builder.findDefaultExecutable(GeckoDriverService.java:167)
at org.openqa.selenium.remote.service.DriverService$Builder.build(DriverService.java:355)
at org.openqa.selenium.firefox.FirefoxDriver.toExecutor(FirefoxDriver.java:190)
at org.openqa.selenium.firefox.FirefoxDriver.<init>(FirefoxDriver.java:147)
at org.openqa.selenium.firefox.FirefoxDriver.<init>(FirefoxDriver.java:125)
at com.vTiger.GenericLibs.Base.configBc(Base.java:36)
at sun.reflect.NativeMethodAccessorImpl.invoke0(Native Method)
at sun.reflect.NativeMethodAccessorImpl.invoke(Unknown Source)
at sun.reflect.DelegatingMethodAccessorImpl.invoke(Unknown Source)
at java.lang.reflect.Method.invoke(Unknown Source)
at org.testng.internal.MethodInvocationHelper.invokeMethod(MethodInvocationHelper.java:124)
at org.testng.internal.MethodInvocationHelper.invokeMethodConsideringTimeout(MethodInvocationHelper.java:59)
at org.testng.internal.Invoker.invokeConfigurationMethod(Invoker.java:458)
at org.testng.internal.Invoker.invokeConfigurations(Invoker.java:222)
at org.testng.internal.Invoker.invokeConfigurations(Invoker.java:142)
at org.testng.internal.TestMethodWorker.invokeBeforeClassMethods(TestMethodWorker.java:168)
at org.testng.internal.TestMethodWorker.run(TestMethodWorker.java:105)
at org.testng.TestRunner.privateRun(TestRunner.java:648)
at org.testng.TestRunner.run(TestRunner.java:505)
at org.testng.SuiteRunner.runTest(SuiteRunner.java:455)
at org.testng.SuiteRunner.access$000(SuiteRunner.java:40)
at org.testng.SuiteRunner$SuiteWorker.run(SuiteRunner.java:489)
at org.testng.internal.thread.ThreadUtil$1.call(ThreadUtil.java:52)
at java.util.concurrent.FutureTask.run(Unknown Source)
at java.util.concurrent.ThreadPoolExecutor.runWorker(Unknown Source)
at java.util.concurrent.ThreadPoolExecutor$Worker.run(Unknown Source)
at java.lang.Thread.run(Unknown Source)
]]>
            </full-stacktrace>
          </exception> <!-- java.lang.IllegalStateException -->
          <reporter-output>
          </reporter-output>
        </test-method> <!-- createVendor -->
        <test-method status="SKIP" signature="configAm()[pri:0, instance:com.vTiger.testscripts.CreateVendorTest@60704c]" name="configAm" is-config="true" duration-ms="0" started-at="2020-06-07T14:45:09Z" finished-at="2020-06-07T14:45:09Z">
          <reporter-output>
          </reporter-output>
        </test-method> <!-- configAm -->
[...]
                <![CDATA[456]]>
              </value>
            </param>
            <param index="9">
              <value>
                <![CDATA[www.apachepoi@gmail.com]]>
              </value>
            </param>
            <param index="10">
              <value>
                <![CDATA[987654321]]>
              </value>
            </param>
            <param index="11">
              <value>
                <![CDATA[123456789]]>
              </value>
            </param>
            <param index="12">
              <value>
                <![CDATA[fax]]>
              </value>
            </param>
            <param index="13">
              <value>
                <![CDATA[www.apache@gmail.com]]>
              </value>
            </param>
            <param index="14">
              <value>
                <![CDATA[apache.com]]>
              </value>
            </param>
            <param index="15">
              <value>
                <![CDATA[Hot]]>
              </value>
            </param>
            <param index="16">
              <value>
                <![CDATA[Active]]>
              </value>
            </param>
          </params>
          <reporter-output>
            <line>
              <![CDATA[Click on leadLink]]>
            </line>
            <line>
              <![CDATA[click on create lead icon(+)]]>
            </line>
            <line>
              <![CDATA[saluating first name]]>
            </line>
            <line>
              <![CDATA[enter first name]]>
            </line>
            <line>
              <![CDATA[enter last name]]>
            </line>
            <line>
              <![CDATA[enter company name]]>
            </line>
            <line>
              <![CDATA[enter designation]]>
            </line>
            <line>
              <![CDATA[Saluating leadsource]]>
            </line>
            <line>
              <![CDATA[saluating industry]]>
            </line>
            <line>
              <![CDATA[enter annual revenue]]>
            </line>
            <line>
              <![CDATA[enter Employees]]>
            </line>
            <line>
              <![CDATA[enter secondary mail]]>
            </line>
            <line>
              <![CDATA[enter phone no]]>
            </line>
            <line>
              <![CDATA[enter mobile no]]>
            </line>
            <line>
              <![CDATA[enter fax]]>
            </line>
            <line>
              <![CDATA[enter email]]>
            </line>
            <line>
              <![CDATA[enter website]]>
            </line>
            <line>
              <![CDATA[saluating leadstatus]]>
            </line>
            <line>
              <![CDATA[saluating drop]]>
            </line>
            <line>
              <![CDATA[click on save]]>
            </line>
            <line>
              <![CDATA[comparing actual with expected]]>
            </line>
          </reporter-output>
        </test-method> <!-- createLead -->
        <test-method status="PASS" signature="configAm()[pri:0, instance:com.vTiger.testscripts.CreateLeadTest@3745e5c6]" name="configAm" is-config="true" duration-ms="4290" started-at="2020-06-07T14:48:23Z" finished-at="2020-06-07T14:48:28Z">
          <reporter-output>
            <line>
              <![CDATA[move to user icon]]>
            </line>
            <line>
              <![CDATA[click on signoutLink]]>
            </line>
          </reporter-output>
        </test-method> <!-- configAm -->
        <test-method status="PASS" signature="configBM()[pri:0, instance:com.vTiger.testscripts.CreateLeadTest@3745e5c6]" name="configBM" is-config="true" duration-ms="6136" started-at="2020-06-07T14:48:28Z" finished-at="2020-06-07T14:48:34Z">
          <reporter-output>
            <line>
              <![CDATA[log in to vTiger]]>
            </line>
          </reporter-output>
        </test-method> <!-- configBM -->
        <test-method status="PASS" signature="createLead(java.lang.String, java.lang.String, java.lang.String, java.lang.String, java.lang.String, java.lang.String, java.lang.String, java.lang.String, java.lang.String, java.lang.String, java.lang.String, java.lang.String, java.lang.String, java.lang.String, java.lang.String, java.lang.String, java.lang.String)[pri:0, instance:com.vTiger.testscripts.CreateLeadTest@3745e5c6]" name="createLead" duration-ms="27008" started-at="2020-06-07T14:48:34Z" data-provider="readdata" finished-at="2020-06-07T14:49:01Z">
          <params>
            <param index="0">
              <value>
                <![CDATA[Mr.]]>
              </value>
            </param>
            <param index="1">
              <value>
                <![CDATA[Watson]]>
              </value>
            </param>
            <param index="2">
              <value>
                <![CDATA[peter]]>
              </value>
            </param>
            <param index="3">
              <value>
                <![CDATA[facebook]]>
              </value>
            </param>
            <param index="4">
              <value>
                <![CDATA[Automation]]>
              </value>
            </param>
            <param index="5">
              <value>
                <![CDATA[Self Generated]]>
              </value>
            </param>
            <param index="6">
              <value>
                <![CDATA[Communications]]>
              </value>
            </param>
            <param index="7">
              <value>
                <![CDATA[54316313]]>
              </value>
            </param>
            <param index="8">
              <value>
                <![CDATA[165]]>
              </value>
            </param>
            <param index="9">
              <value>
                <![CDATA[www.watson2@gmail.com]]>
              </value>
            </param>
            <param index="10">
              <value>
                <![CDATA[2154513]]>
              </value>
            </param>
            <param index="11">
              <value>
                <![CDATA[215132165]]>
              </value>
            </param>
            <param index="12">
              <value>
                <![CDATA[fax]]>
              </value>
            </param>
            <param index="13">
              <value>
                <![CDATA[www.watson1@gmail.com]]>
              </value>
            </param>
            <param index="14">
              <value>
                <![CDATA[watson.com]]>
              </value>
            </param>
            <param index="15">
              <value>
                <![CDATA[Hot]]>
              </value>
            </param>
            <param index="16">
              <value>
                <![CDATA[Active]]>
              </value>
            </param>
          </params>
          <reporter-output>
            <line>
              <![CDATA[Click on leadLink]]>
            </line>
            <line>
              <![CDATA[click on create lead icon(+)]]>
            </line>
            <line>
              <![CDATA[saluating first name]]>
            </line>
            <line>
              <![CDATA[enter first name]]>
            </line>
            <line>
              <![CDATA[enter last name]]>
            </line>
            <line>
              <![CDATA[enter company name]]>
            </line>
            <line>
              <![CDATA[enter designation]]>
            </line>
            <line>
              <![CDATA[Saluating leadsource]]>
            </line>
            <line>
              <![CDATA[saluating industry]]>
            </line>
            <line>
              <![CDATA[enter annual revenue]]>
            </line>
            <line>
              <![CDATA[enter Employees]]>
            </line>
            <line>
              <![CDATA[enter secondary mail]]>
            </line>
            <line>
              <![CDATA[enter phone no]]>
            </line>
            <line>
              <![CDATA[enter mobile no]]>
            </line>
            <line>
              <![CDATA[enter fax]]>
            </line>
            <line>
              <![CDATA[enter email]]>
            </line>
            <line>
              <![CDATA[enter website]]>
            </line>
            <line>
              <![CDATA[saluating leadstatus]]>
            </line>
            <line>
              <![CDATA[saluating drop]]>
            </line>
            <line>
              <![CDATA[click on save]]>
            </line>
            <line>
              <![CDATA[comparing actual with expected]]>
            </line>
          </reporter-output>
        </test-method> <!-- createLead -->
        <test-method status="PASS" signature="configAm()[pri:0, instance:com.vTiger.testscripts.CreateLeadTest@3745e5c6]" name="configAm" is-config="true" duration-ms="3121" started-at="2020-06-07T14:49:01Z" finished-at="2020-06-07T14:49:04Z">
          <reporter-output>
            <line>
              <![CDATA[move to user icon]]>
            </line>
            <line>
              <![CDATA[click on signoutLink]]>
            </line>
          </reporter-output>
        </test-method> <!-- configAm -->
        <test-method status="PASS" signature="configAc()[pri:0, instance:com.vTiger.testscripts.CreateLeadTest@3745e5c6]" name="configAc" is-config="true" duration-ms="374" started-at="2020-06-07T14:49:04Z" finished-at="2020-06-07T14:49:04Z">
          <reporter-output>
          </reporter-output>
        </test-method> <!-- configAc -->
      </class> <!-- com.vTiger.testscripts.CreateLeadTest -->
      <class name="com.vTiger.testscripts.CreateProductTest">
        <test-method status="PASS" signature="configBc(java.lang.String)[pri:0, instance:com.vTiger.testscripts.CreateProductTest@60611244]" name="configBc" is-config="true" duration-ms="5773" started-at="2020-06-07T14:47:02Z" finished-at="2020-06-07T14:47:08Z">
          <params>
            <param index="0">
              <value>
                <![CDATA[chrome]]>
              </value>
            </param>
          </params>
          <reporter-output>
          </reporter-output>
        </test-method> <!-- configBc -->
        <test-method status="PASS" signature="configBM()[pri:0, instance:com.vTiger.testscripts.CreateProductTest@60611244]" name="configBM" is-config="true" duration-ms="6999" started-at="2020-06-07T14:47:08Z" finished-at="2020-06-07T14:47:15Z">
          <reporter-output>
            <line>
              <![CDATA[log in to vTiger]]>
            </line>
          </reporter-output>
        </test-method> <!-- configBM -->
        <test-method status="PASS" signature="createproduct()[pri:0, instance:com.vTiger.testscripts.CreateProductTest@60611244]" name="createproduct" duration-ms="23289" started-at="2020-06-07T14:47:15Z" finished-at="2020-06-07T14:47:38Z">
          <reporter-output>
          </reporter-output>
        </test-method> <!-- createproduct -->
        <test-method status="PASS" signature="configAm()[pri:0, instance:com.vTiger.testscripts.CreateProductTest@60611244]" name="configAm" is-config="true" duration-ms="3580" started-at="2020-06-07T14:47:38Z" finished-at="2020-06-07T14:47:42Z">
          <reporter-output>
            <line>
              <![CDATA[move to user icon]]>
            </line>
            <line>
              <![CDATA[click on signoutLink]]>
            </line>
          </reporter-output>
        </test-method> <!-- configAm -->
        <test-method status="PASS" signature="configAc()[pri:0, instance:com.vTiger.testscripts.CreateProductTest@60611244]" name="configAc" is-config="true" duration-ms="394" started-at="2020-06-07T14:47:42Z" finished-at="2020-06-07T14:47:42Z">
          <reporter-output>
          </reporter-output>
        </test-method> <!-- configAc -->
      </class> <!-- com.vTiger.testscripts.CreateProductTest -->
      <class name="com.vTiger.testscripts.DeleteLeadTest">
        <test-method status="PASS" signature="configBc(java.lang.String)[pri:0, instance:com.vTiger.testscripts.DeleteLeadTest@19d37183]" name="configBc" is-config="true" duration-ms="7501" started-at="2020-06-07T14:50:13Z" finished-at="2020-06-07T14:50:21Z">
          <params>
            <param index="0">
              <value>
                <![CDATA[chrome]]>
              </value>
            </param>
          </params>
          <reporter-output>
          </reporter-output>
        </test-method> <!-- configBc -->
        <test-method status="PASS" signature="configBM()[pri:0, instance:com.vTiger.testscripts.DeleteLeadTest@19d37183]" name="configBM" is-config="true" duration-ms="7849" started-at="2020-06-07T14:50:21Z" finished-at="2020-06-07T14:50:29Z">
          <reporter-output>
            <line>
              <![CDATA[log in to vTiger]]>
            </line>
          </reporter-output>
        </test-method> <!-- configBM -->
        <test-method status="PASS" signature="deleteLead()[pri:0, instance:com.vTiger.testscripts.DeleteLeadTest@19d37183]" name="deleteLead" duration-ms="14699" started-at="2020-06-07T14:50:29Z" finished-at="2020-06-07T14:50:43Z">
          <reporter-output>
            <line>
              <![CDATA[delete lead]]>
            </line>
          </reporter-output>
        </test-method> <!-- deleteLead -->
        <test-method status="PASS" signature="configAm()[pri:0, instance:com.vTiger.testscripts.DeleteLeadTest@19d37183]" name="configAm" is-config="true" duration-ms="3349" started-at="2020-06-07T14:50:43Z" finished-at="2020-06-07T14:50:47Z">
          <reporter-output>
            <line>
              <![CDATA[move to user icon]]>
            </line>
            <line>
              <![CDATA[click on signoutLink]]>
            </line>
          </reporter-output>
        </test-method> <!-- configAm -->
        <test-method status="PASS" signature="configAc()[pri:0, instance:com.vTiger.testscripts.DeleteLeadTest@19d37183]" name="configAc" is-config="true" duration-ms="339" started-at="2020-06-07T14:50:47Z" finished-at="2020-06-07T14:50:47Z">
          <reporter-output>
          </reporter-output>
        </test-method> <!-- configAc -->
      </class> <!-- com.vTiger.testscripts.DeleteLeadTest -->
      <class name="com.vTiger.testscripts.CreateVendorTest">
        <test-method status="PASS" signature="configBc(java.lang.String)[pri:0, instance:com.vTiger.testscripts.CreateVendorTest@5e4c8041]" name="configBc" is-config="true" duration-ms="5850" started-at="2020-06-07T14:49:04Z" finished-at="2020-06-07T14:49:10Z">
          <params>
            <param index="0">
              <value>
                <![CDATA[chrome]]>
              </value>
            </param>
          </params>
          <reporter-output>
          </reporter-output>
        </test-method> <!-- configBc -->
        <test-method status="PASS" signature="configBM()[pri:0, instance:com.vTiger.testscripts.CreateVendorTest@5e4c8041]" name="configBM" is-config="true" duration-ms="9189" started-at="2020-06-07T14:49:10Z" finished-at="2020-06-07T14:49:19Z">
          <reporter-output>
            <line>
              <![CDATA[log in to vTiger]]>
            </line>
          </reporter-output>
        </test-method> <!-- configBM -->
        <test-method status="PASS" signature="createVendor()[pri:0, instance:com.vTiger.testscripts.CreateVendorTest@5e4c8041]" name="createVendor" duration-ms="17854" started-at="2020-06-07T14:49:19Z" finished-at="2020-06-07T14:49:37Z">
          <reporter-output>
            <line>
              <![CDATA[move to more link]]>
            </line>
            <line>
              <![CDATA[click on vendor Icon]]>
            </line>
            <line>
              <![CDATA[enter vendor name]]>
            </line>
            <line>
              <![CDATA[click on save]]>
            </line>
          </reporter-output>
        </test-method> <!-- createVendor -->
        <test-method status="PASS" signature="configAm()[pri:0, instance:com.vTiger.testscripts.CreateVendorTest@5e4c8041]" name="configAm" is-config="true" duration-ms="3383" started-at="2020-06-07T14:49:37Z" finished-at="2020-06-07T14:49:41Z">
          <reporter-output>
            <line>
              <![CDATA[move to user icon]]>
            </line>
            <line>
              <![CDATA[click on signoutLink]]>
            </line>
          </reporter-output>
        </test-method> <!-- configAm -->
        <test-method status="PASS" signature="configAc()[pri:0, instance:com.vTiger.testscripts.CreateVendorTest@5e4c8041]" name="configAc" is-config="true" duration-ms="315" started-at="2020-06-07T14:49:41Z" finished-at="2020-06-07T14:49:41Z">
          <reporter-output>
          </reporter-output>
        </test-method> <!-- configAc -->
      </class> <!-- com.vTiger.testscripts.CreateVendorTest -->
      <class name="com.vTiger.testscripts.DeleteAllOrganizatioTest">
        <test-method status="PASS" signature="configBc(java.lang.String)[pri:0, instance:com.vTiger.testscripts.DeleteAllOrganizatioTest@3bd40a57]" name="configBc" is-config="true" duration-ms="6845" started-at="2020-06-07T14:51:22Z" finished-at="2020-06-07T14:51:29Z">
          <params>
            <param index="0">
              <value>
                <![CDATA[chrome]]>
              </value>
            </param>
          </params>
          <reporter-output>
          </reporter-output>
        </test-method> <!-- configBc -->
        <test-method status="PASS" signature="configBM()[pri:0, instance:com.vTiger.testscripts.DeleteAllOrganizatioTest@3bd40a57]" name="configBM" is-config="true" duration-ms="13439" started-at="2020-06-07T14:51:29Z" finished-at="2020-06-07T14:51:43Z">
          <reporter-output>
            <line>
              <![CDATA[log in to vTiger]]>
            </line>
          </reporter-output>
        </test-method> <!-- configBM -->
        <test-method status="PASS" signature="deleteOrg()[pri:0, instance:com.vTiger.testscripts.DeleteAllOrganizatioTest@3bd40a57]" name="deleteOrg" duration-ms="9433" started-at="2020-06-07T14:51:43Z" finished-at="2020-06-07T14:51:52Z">
          <reporter-output>
            <line>
              <![CDATA[click on organization link in home page]]>
            </line>
            <line>
              <![CDATA[click on check box]]>
            </line>
            <line>
              <![CDATA[click on delete button]]>
            </line>
          </reporter-output>
        </test-method> <!-- deleteOrg -->
        <test-method status="PASS" signature="configAm()[pri:0, instance:com.vTiger.testscripts.DeleteAllOrganizatioTest@3bd40a57]" name="configAm" is-config="true" duration-ms="3306" started-at="2020-06-07T14:51:52Z" finished-at="2020-06-07T14:51:56Z">
          <reporter-output>
            <line>
              <![CDATA[move to user icon]]>
            </line>
            <line>
              <![CDATA[click on signoutLink]]>
            </line>
          </reporter-output>
        </test-method> <!-- configAm -->
        <test-method status="PASS" signature="configAc()[pri:0, instance:com.vTiger.testscripts.DeleteAllOrganizatioTest@3bd40a57]" name="configAc" is-config="true" duration-ms="307" started-at="2020-06-07T14:51:56Z" finished-at="2020-06-07T14:51:56Z">
          <reporter-output>
          </reporter-output>
        </test-method> <!-- configAc -->
      </class> <!-- com.vTiger.testscripts.DeleteAllOrganizatioTest -->
    </test> <!-- TestChrome -->
  </suite> <!-- Suite -->
</testng-results>
