<?xml version="1.0" encoding="UTF-8"?>
<testng-results skipped="0" failed="0" ignored="0" total="1" passed="1">
  <reporter-output>
    <line>
      <![CDATA[log in to vTiger]]>
    </line>
    <line>
      <![CDATA[click on create oppertunity icon]]>
    </line>
    <line>
      <![CDATA[enter oppertunity name]]>
    </line>
    <line>
      <![CDATA[select type]]>
    </line>
    <line>
      <![CDATA[select lead source]]>
    </line>
    <line>
      <![CDATA[enter amount]]>
    </line>
    <line>
      <![CDATA[select sales stage]]>
    </line>
    <line>
      <![CDATA[switch to child window]]>
    </line>
    <line>
      <![CDATA[click on organization link]]>
    </line>
    <line>
      <![CDATA[switch back to parent window]]>
    </line>
    <line>
      <![CDATA[click on save]]>
    </line>
    <line>
      <![CDATA[move to user icon]]>
    </line>
    <line>
      <![CDATA[click on signoutLink]]>
    </line>
  </reporter-output>
  <suite name="Default suite" duration-ms="47226" started-at="2020-06-09T13:56:25Z" finished-at="2020-06-09T13:57:12Z">
    <groups>
    </groups>
    <test name="Default test" duration-ms="47226" started-at="2020-06-09T13:56:25Z" finished-at="2020-06-09T13:57:12Z">
      <class name="com.vTiger.testscripts.CreateOppertunityTest">
        <test-method status="PASS" signature="configBc()[pri:0, instance:com.vTiger.testscripts.CreateOppertunityTest@5ad851c9]" name="configBc" is-config="true" duration-ms="7290" started-at="2020-06-09T13:56:25Z" finished-at="2020-06-09T13:56:32Z">
          <reporter-output>
          </reporter-output>
        </test-method> <!-- configBc -->
        <test-method status="PASS" signature="configBM()[pri:0, instance:com.vTiger.testscripts.CreateOppertunityTest@5ad851c9]" name="configBM" is-config="true" duration-ms="8568" started-at="2020-06-09T13:56:35Z" finished-at="2020-06-09T13:56:43Z">
          <reporter-output>
            <line>
              <![CDATA[log in to vTiger]]>
            </line>
          </reporter-output>
        </test-method> <!-- configBM -->
        <test-method status="PASS" signature="createOppertunity(java.lang.String, java.lang.String, java.lang.String, java.lang.String, java.lang.String)[pri:0, instance:com.vTiger.testscripts.CreateOppertunityTest@5ad851c9]" name="createOppertunity" duration-ms="25418" started-at="2020-06-09T13:56:43Z" data-provider="opreaddata" finished-at="2020-06-09T13:57:09Z">
          <params>
            <param index="0">
              <value>
                <![CDATA[Flipkart]]>
              </value>
            </param>
            <param index="1">
              <value>
                <![CDATA[New Business]]>
              </value>
            </param>
            <param index="2">
              <value>
                <![CDATA[Partner]]>
              </value>
            </param>
            <param index="3">
              <value>
                <![CDATA[123456]]>
              </value>
            </param>
            <param index="4">
              <value>
                <![CDATA[Prospecting]]>
              </value>
            </param>
          </params>
          <reporter-output>
            <line>
              <![CDATA[click on create oppertunity icon]]>
            </line>
            <line>
              <![CDATA[enter oppertunity name]]>
            </line>
            <line>
              <![CDATA[select type]]>
            </line>
            <line>
              <![CDATA[select lead source]]>
            </line>
            <line>
              <![CDATA[enter amount]]>
            </line>
            <line>
              <![CDATA[select sales stage]]>
            </line>
            <line>
              <![CDATA[switch to child window]]>
            </line>
            <line>
              <![CDATA[click on organization link]]>
            </line>
            <line>
              <![CDATA[switch back to parent window]]>
            </line>
            <line>
              <![CDATA[click on save]]>
            </line>
          </reporter-output>
        </test-method> <!-- createOppertunity -->
        <test-method status="PASS" signature="configAm()[pri:0, instance:com.vTiger.testscripts.CreateOppertunityTest@5ad851c9]" name="configAm" is-config="true" duration-ms="3176" started-at="2020-06-09T13:57:09Z" finished-at="2020-06-09T13:57:12Z">
          <reporter-output>
            <line>
              <![CDATA[move to user icon]]>
            </line>
            <line>
              <![CDATA[click on signoutLink]]>
            </line>
          </reporter-output>
        </test-method> <!-- configAm -->
        <test-method status="PASS" signature="configAc()[pri:0, instance:com.vTiger.testscripts.CreateOppertunityTest@5ad851c9]" name="configAc" is-config="true" duration-ms="304" started-at="2020-06-09T13:57:12Z" finished-at="2020-06-09T13:57:12Z">
          <reporter-output>
          </reporter-output>
        </test-method> <!-- configAc -->
      </class> <!-- com.vTiger.testscripts.CreateOppertunityTest -->
    </test> <!-- Default test -->
  </suite> <!-- Default suite -->
</testng-results>
