<?xml version="1.0" encoding="UTF-8"?>
<!-- Generated by org.testng.reporters.JUnitXMLReporter -->
<testsuite hostname="Nithesh-Gowda" ignored="0" name="TestChrome" tests="11" failures="0" timestamp="07 Jun 2020 14:51:56 GMT" time="411.898" errors="0">
  <testcase name="@BeforeClass configBc" time="0.368" classname="com.vTiger.GenericLibs.Base">
    <failure type="java.lang.IllegalStateException" message="The path to the driver executable must be set by the webdriver.gecko.driver system property; for more information, see https://github.com/mozilla/geckodriver. The latest version can be downloaded from https://github.com/mozilla/geckodriver/releases">
      <![CDATA[java.lang.IllegalStateException: The path to the driver executable must be set by the webdriver.gecko.driver system property; for more information, see https://github.com/mozilla/geckodriver. The latest version can be downloaded from https://github.com/mozilla/geckodriver/releases
at com.google.common.base.Preconditions.checkState(Preconditions.java:847)
at org.openqa.selenium.remote.service.DriverService.findExecutable(DriverService.java:134)
at org.openqa.selenium.firefox.GeckoDriverService.access$100(GeckoDriverService.java:44)
at org.openqa.selenium.firefox.GeckoDriverService$Builder.findDefaultExecutable(GeckoDriverService.java:167)
at org.openqa.selenium.remote.service.DriverService$Builder.build(DriverService.java:355)
at org.openqa.selenium.firefox.FirefoxDriver.toExecutor(FirefoxDriver.java:190)
at org.openqa.selenium.firefox.FirefoxDriver.<init>(FirefoxDriver.java:147)
at org.openqa.selenium.firefox.FirefoxDriver.<init>(FirefoxDriver.java:125)
at com.vTiger.GenericLibs.Base.configBc(Base.java:36)
at java.util.concurrent.FutureTask.run(Unknown Source)
at java.util.concurrent.ThreadPoolExecutor.runWorker(Unknown Source)
at java.util.concurrent.ThreadPoolExecutor$Worker.run(Unknown Source)
at java.lang.Thread.run(Unknown Source)
... Removed 17 stack frames]]>
    </failure>
  </testcase> <!-- @BeforeClass configBc -->
  <testcase name="@BeforeMethod configBM" time="0.0" classname="com.vTiger.GenericLibs.Base">
    <skipped/>
  </testcase> <!-- @BeforeMethod configBM -->
  <testcase name="@AfterMethod configAm" time="0.0" classname="com.vTiger.GenericLibs.Base">
    <skipped/>
  </testcase> <!-- @AfterMethod configAm -->
  <testcase name="@BeforeMethod configBM" time="0.0" classname="com.vTiger.GenericLibs.Base">
    <skipped/>
  </testcase> <!-- @BeforeMethod configBM -->
  <testcase name="@AfterMethod configAm" time="0.0" classname="com.vTiger.GenericLibs.Base">
    <skipped/>
  </testcase> <!-- @AfterMethod configAm -->
  <testcase name="@AfterClass configAc" time="0.0" classname="com.vTiger.GenericLibs.Base">
    <skipped/>
  </testcase> <!-- @AfterClass configAc -->
  <testcase name="@BeforeClass configBc" time="0.026" classname="com.vTiger.GenericLibs.Base">
    <failure type="java.lang.IllegalStateException" message="The path to the driver executable must be set by the webdriver.gecko.driver system property; for more information, see https://github.com/mozilla/geckodriver. The latest version can be downloaded from https://github.com/mozilla/geckodriver/releases">
      <![CDATA[java.lang.IllegalStateException: The path to the driver executable must be set by the webdriver.gecko.driver system property; for more information, see https://github.com/mozilla/geckodriver. The latest version can be downloaded from https://github.com/mozilla/geckodriver/releases
at com.google.common.base.Preconditions.checkState(Preconditions.java:847)
at org.openqa.selenium.remote.service.DriverService.findExecutable(DriverService.java:134)
at org.openqa.selenium.firefox.GeckoDriverService.access$100(GeckoDriverService.java:44)
at org.openqa.selenium.firefox.GeckoDriverService$Builder.findDefaultExecutable(GeckoDriverService.java:167)
at org.openqa.selenium.remote.service.DriverService$Builder.build(DriverService.java:355)
at org.openqa.selenium.firefox.FirefoxDriver.toExecutor(FirefoxDriver.java:190)
at org.openqa.selenium.firefox.FirefoxDriver.<init>(FirefoxDriver.java:147)
at org.openqa.selenium.firefox.FirefoxDriver.<init>(FirefoxDriver.java:125)
at com.vTiger.GenericLibs.Base.configBc(Base.java:36)
at java.util.concurrent.FutureTask.run(Unknown Source)
at java.util.concurrent.ThreadPoolExecutor.runWorker(Unknown Source)
at java.util.concurrent.ThreadPoolExecutor$Worker.run(Unknown Source)
at java.lang.Thread.run(Unknown Source)
... Removed 17 stack frames]]>
    </failure>
  </testcase> <!-- @BeforeClass configBc -->
  <testcase name="@BeforeMethod configBM" time="0.0" classname="com.vTiger.GenericLibs.Base">
    <skipped/>
  </testcase> <!-- @BeforeMethod configBM -->
  <testcase name="@AfterMethod configAm" time="0.0" classname="com.vTiger.GenericLibs.Base">
    <skipped/>
  </testcase> <!-- @AfterMethod configAm -->
  <testcase name="@AfterClass configAc" time="0.0" classname="com.vTiger.GenericLibs.Base">
    <skipped/>
  </testcase> <!-- @AfterClass configAc -->
  <testcase name="@BeforeClass configBc" time="0.129" classname="com.vTiger.GenericLibs.Base">
    <failure type="java.lang.IllegalStateException" message="The path to the driver executable must be set by the webdriver.gecko.driver system property; for more information, see https://github.com/mozilla/geckodriver. The latest version can be downloaded from https://github.com/mozilla/geckodriver/releases">
      <![CDATA[java.lang.IllegalStateException: The path to the driver executable must be set by the webdriver.gecko.driver system property; for more information, see https://github.com/mozilla/geckodriver. The latest version can be downloaded from https://github.com/mozilla/geckodriver/releases
at com.google.common.base.Preconditions.checkState(Preconditions.java:847)
at org.openqa.selenium.remote.service.DriverService.findExecutable(DriverService.java:134)
at org.openqa.selenium.firefox.GeckoDriverService.access$100(GeckoDriverService.java:44)
at org.openqa.selenium.firefox.GeckoDriverService$Builder.findDefaultExecutable(GeckoDriverService.java:167)
at org.openqa.selenium.remote.service.DriverService$Builder.build(DriverService.java:355)
at org.openqa.selenium.firefox.FirefoxDriver.toExecutor(FirefoxDriver.java:190)
at org.openqa.selenium.firefox.FirefoxDriver.<init>(FirefoxDriver.java:147)
at org.openqa.selenium.firefox.FirefoxDriver.<init>(FirefoxDriver.java:125)
at com.vTiger.GenericLibs.Base.configBc(Base.java:36)
at java.util.concurrent.FutureTask.run(Unknown Source)
at java.util.concurrent.ThreadPoolExecutor.runWorker(Unknown Source)
at java.util.concurrent.ThreadPoolExecutor$Worker.run(Unknown Source)
at java.lang.Thread.run(Unknown Source)
... Removed 17 stack frames]]>
    </failure>
  </testcase> <!-- @BeforeClass configBc -->
  <testcase name="@BeforeMethod configBM" time="0.0" classname="com.vTiger.GenericLibs.Base">
    <skipped/>
  </testcase> <!-- @BeforeMethod configBM -->
  <testcase name="@AfterMethod configAm" time="0.0" classname="com.vTiger.GenericLibs.Base">
    <skipped/>
  </testcase> <!-- @AfterMethod configAm -->
  <testcase name="@AfterClass configAc" time="0.0" classname="com.vTiger.GenericLibs.Base">
    <skipped/>
  </testcase> <!-- @AfterClass configAc -->
  <testcase name="@BeforeClass configBc" time="0.15" classname="com.vTiger.GenericLibs.Base">
    <failure type="java.lang.IllegalStateException" message="The path to the driver executable must be set by the webdriver.gecko.driver system property; for more information, see https://github.com/mozilla/geckodriver. The latest version can be downloaded from https://github.com/mozilla/geckodriver/releases">
      <![CDATA[java.lang.IllegalStateException: The path to the driver executable must be set by the webdriver.gecko.driver system property; for more information, see https://github.com/mozilla/geckodriver. The latest version can be downloaded from https://github.com/mozilla/geckodriver/releases
at com.google.common.base.Preconditions.checkState(Preconditions.java:847)
at org.openqa.selenium.remote.service.DriverService.findExecutable(DriverService.java:134)
at org.openqa.selenium.firefox.GeckoDriverService.access$100(GeckoDriverService.java:44)
at org.openqa.selenium.firefox.GeckoDriverService$Builder.findDefaultExecutable(GeckoDriverService.java:167)
at org.openqa.selenium.remote.service.DriverService$Builder.build(DriverService.java:355)
at org.openqa.selenium.firefox.FirefoxDriver.toExecutor(FirefoxDriver.java:190)
at org.openqa.selenium.firefox.FirefoxDriver.<init>(FirefoxDriver.java:147)
at org.openqa.selenium.firefox.FirefoxDriver.<init>(FirefoxDriver.java:125)
at com.vTiger.GenericLibs.Base.configBc(Base.java:36)
at java.util.concurrent.FutureTask.run(Unknown Source)
at java.util.concurrent.ThreadPoolExecutor.runWorker(Unknown Source)
at java.util.concurrent.ThreadPoolExecutor$Worker.run(Unknown Source)
at java.lang.Thread.run(Unknown Source)
... Removed 17 stack frames]]>
    </failure>
  </testcase> <!-- @BeforeClass configBc -->
  <testcase name="@BeforeMethod configBM" time="0.0" classname="com.vTiger.GenericLibs.Base">
    <skipped/>
  </testcase> <!-- @BeforeMethod configBM -->
  <testcase name="@AfterMethod configAm" time="0.0" classname="com.vTiger.GenericLibs.Base">
    <skipped/>
  </testcase> <!-- @AfterMethod configAm -->
  <testcase name="@BeforeMethod configBM" time="0.0" classname="com.vTiger.GenericLibs.Base">
    <skipped/>
  </testcase> <!-- @BeforeMethod configBM -->
  <testcase name="@AfterMethod configAm" time="0.0" classname="com.vTiger.GenericLibs.Base">
    <skipped/>
  </testcase> <!-- @AfterMethod configAm -->
  <testcase name="@AfterClass configAc" time="0.0" classname="com.vTiger.GenericLibs.Base">
    <skipped/>
  </testcase> <!-- @AfterClass configAc -->
  <testcase name="@BeforeClass configBc" time="0.063" classname="com.vTiger.GenericLibs.Base">
    <failure type="java.lang.IllegalStateException" message="The path to the driver executable must be set by the webdriver.gecko.driver system property; for more information, see https://github.com/mozilla/geckodriver. The latest version can be downloaded from https://github.com/mozilla/geckodriver/releases">
      <![CDATA[java.lang.IllegalStateException: The path to the driver executable must be set by the webdriver.gecko.driver system property; for more information, see https://github.com/mozilla/geckodriver. The latest version can be downloaded from https://github.com/mozilla/geckodriver/releases
at com.google.common.base.Preconditions.checkState(Preconditions.java:847)
at org.openqa.selenium.remote.service.DriverService.findExecutable(DriverService.java:134)
at org.openqa.selenium.firefox.GeckoDriverService.access$100(GeckoDriverService.java:44)
at org.openqa.selenium.firefox.GeckoDriverService$Builder.findDefaultExecutable(GeckoDriverService.java:167)
at org.openqa.selenium.remote.service.DriverService$Builder.build(DriverService.java:355)
at org.openqa.selenium.firefox.FirefoxDriver.toExecutor(FirefoxDriver.java:190)
at org.openqa.selenium.firefox.FirefoxDriver.<init>(FirefoxDriver.java:147)
at org.openqa.selenium.firefox.FirefoxDriver.<init>(FirefoxDriver.java:125)
at com.vTiger.GenericLibs.Base.configBc(Base.java:36)
at java.util.concurrent.FutureTask.run(Unknown Source)
at java.util.concurrent.ThreadPoolExecutor.runWorker(Unknown Source)
at java.util.concurrent.ThreadPoolExecutor$Worker.run(Unknown Source)
at java.lang.Thread.run(Unknown Source)
... Removed 17 stack frames]]>
    </failure>
  </testcase> <!-- @BeforeClass configBc -->
  <testcase name="@BeforeMethod configBM" time="0.0" classname="com.vTiger.GenericLibs.Base">
    <skipped/>
  </testcase> <!-- @BeforeMethod configBM -->
  <testcase name="@AfterMethod configAm" time="0.0" classname="com.vTiger.GenericLibs.Base">
    <skipped/>
  </testcase> <!-- @AfterMethod configAm -->
  <testcase name="@AfterClass configAc" time="0.0" classname="com.vTiger.GenericLibs.Base">
    <skipped/>
  </testcase> <!-- @AfterClass configAc -->
  <testcase name="@BeforeClass configBc" time="0.025" classname="com.vTiger.GenericLibs.Base">
    <failure type="java.lang.IllegalStateException" message="The path to the driver executable must be set by the webdriver.gecko.driver system property; for more information, see https://github.com/mozilla/geckodriver. The latest version can be downloaded from https://github.com/mozilla/geckodriver/releases">
      <![CDATA[java.lang.IllegalStateException: The path to the driver executable must be set by the webdriver.gecko.driver system property; for more information, see https://github.com/mozilla/geckodriver. The latest version can be downloaded from https://github.com/mozilla/geckodriver/releases
at com.google.common.base.Preconditions.checkState(Preconditions.java:847)
at org.openqa.selenium.remote.service.DriverService.findExecutable(DriverService.java:134)
at org.openqa.selenium.firefox.GeckoDriverService.access$100(GeckoDriverService.java:44)
at org.openqa.selenium.firefox.GeckoDriverService$Builder.findDefaultExecutable(GeckoDriverService.java:167)
at org.openqa.selenium.remote.service.DriverService$Builder.build(DriverService.java:355)
at org.openqa.selenium.firefox.FirefoxDriver.toExecutor(FirefoxDriver.java:190)
at org.openqa.selenium.firefox.FirefoxDriver.<init>(FirefoxDriver.java:147)
at org.openqa.selenium.firefox.FirefoxDriver.<init>(FirefoxDriver.java:125)
at com.vTiger.GenericLibs.Base.configBc(Base.java:36)
at java.util.concurrent.FutureTask.run(Unknown Source)
at java.util.concurrent.ThreadPoolExecutor.runWorker(Unknown Source)
at java.util.concurrent.ThreadPoolExecutor$Worker.run(Unknown Source)
at java.lang.Thread.run(Unknown Source)
... Removed 17 stack frames]]>
    </failure>
  </testcase> <!-- @BeforeClass configBc -->
  <testcase name="@BeforeMethod configBM" time="0.0" classname="com.vTiger.GenericLibs.Base">
    <skipped/>
  </testcase> <!-- @BeforeMethod configBM -->
  <testcase name="@AfterMethod configAm" time="0.0" classname="com.vTiger.GenericLibs.Base">
    <skipped/>
  </testcase> <!-- @AfterMethod configAm -->
  <testcase name="@AfterClass configAc" time="0.0" classname="com.vTiger.GenericLibs.Base">
    <skipped/>
  </testcase> <!-- @AfterClass configAc -->
  <testcase name="@BeforeClass configBc" time="0.02" classname="com.vTiger.GenericLibs.Base">
    <failure type="java.lang.IllegalStateException" message="The path to the driver executable must be set by the webdriver.gecko.driver system property; for more information, see https://github.com/mozilla/geckodriver. The latest version can be downloaded from https://github.com/mozilla/geckodriver/releases">
      <![CDATA[java.lang.IllegalStateException: The path to the driver executable must be set by the webdriver.gecko.driver system property; for more information, see https://github.com/mozilla/geckodriver. The latest version can be downloaded from https://github.com/mozilla/geckodriver/releases
at com.google.common.base.Preconditions.checkState(Preconditions.java:847)
at org.openqa.selenium.remote.service.DriverService.findExecutable(DriverService.java:134)
at org.openqa.selenium.firefox.GeckoDriverService.access$100(GeckoDriverService.java:44)
at org.openqa.selenium.firefox.GeckoDriverService$Builder.findDefaultExecutable(GeckoDriverService.java:167)
at org.openqa.selenium.remote.service.DriverService$Builder.build(DriverService.java:355)
at org.openqa.selenium.firefox.FirefoxDriver.toExecutor(FirefoxDriver.java:190)
at org.openqa.selenium.firefox.FirefoxDriver.<init>(FirefoxDriver.java:147)
at org.openqa.selenium.firefox.FirefoxDriver.<init>(FirefoxDriver.java:125)
at com.vTiger.GenericLibs.Base.configBc(Base.java:36)
at java.util.concurrent.FutureTask.run(Unknown Source)
at java.util.concurrent.ThreadPoolExecutor.runWorker(Unknown Source)
at java.util.concurrent.ThreadPoolExecutor$Worker.run(Unknown Source)
at java.lang.Thread.run(Unknown Source)
... Removed 17 stack frames]]>
    </failure>
  </testcase> <!-- @BeforeClass configBc -->
  <testcase name="@BeforeMethod configBM" time="0.0" classname="com.vTiger.GenericLibs.Base">
    <skipped/>
  </testcase> <!-- @BeforeMethod configBM -->
  <testcase name="@AfterMethod configAm" time="0.0" classname="com.vTiger.GenericLibs.Base">
    <skipped/>
  </testcase> <!-- @AfterMethod configAm -->
  <testcase name="@AfterClass configAc" time="0.0" classname="com.vTiger.GenericLibs.Base">
    <skipped/>
  </testcase> <!-- @AfterClass configAc -->
  <testcase name="@BeforeClass configBc" time="0.026" classname="com.vTiger.GenericLibs.Base">
    <failure type="java.lang.IllegalStateException" message="The path to the driver executable must be set by the webdriver.gecko.driver system property; for more information, see https://github.com/mozilla/geckodriver. The latest version can be downloaded from https://github.com/mozilla/geckodriver/releases">
      <![CDATA[java.lang.IllegalStateException: The path to the driver executable must be set by the webdriver.gecko.driver system property; for more information, see https://github.com/mozilla/geckodriver. The latest version can be downloaded from https://github.com/mozilla/geckodriver/releases
at com.google.common.base.Preconditions.checkState(Preconditions.java:847)
at org.openqa.selenium.remote.service.DriverService.findExecutable(DriverService.java:134)
at org.openqa.selenium.firefox.GeckoDriverService.access$100(GeckoDriverService.java:44)
at org.openqa.selenium.firefox.GeckoDriverService$Builder.findDefaultExecutable(GeckoDriverService.java:167)
at org.openqa.selenium.remote.service.DriverService$Builder.build(DriverService.java:355)
at org.openqa.selenium.firefox.FirefoxDriver.toExecutor(FirefoxDriver.java:190)
at org.openqa.selenium.firefox.FirefoxDriver.<init>(FirefoxDriver.java:147)
at org.openqa.selenium.firefox.FirefoxDriver.<init>(FirefoxDriver.java:125)
at com.vTiger.GenericLibs.Base.configBc(Base.java:36)
at java.util.concurrent.FutureTask.run(Unknown Source)
at java.util.concurrent.ThreadPoolExecutor.runWorker(Unknown Source)
at java.util.concurrent.ThreadPoolExecutor$Worker.run(Unknown Source)
at java.lang.Thread.run(Unknown Source)
... Removed 17 stack frames]]>
    </failure>
  </testcase> <!-- @BeforeClass configBc -->
  <testcase name="@BeforeMethod configBM" time="0.0" classname="com.vTiger.GenericLibs.Base">
    <skipped/>
  </testcase> <!-- @BeforeMethod configBM -->
  <testcase name="@AfterMethod configAm" time="0.0" classname="com.vTiger.GenericLibs.Base">
    <skipped/>
  </testcase> <!-- @AfterMethod configAm -->
  <testcase name="@AfterClass configAc" time="0.0" classname="com.vTiger.GenericLibs.Base">
    <skipped/>
  </testcase> <!-- @AfterClass configAc -->
  <testcase name="@BeforeClass configBc" time="0.026" classname="com.vTiger.GenericLibs.Base">
    <failure type="java.lang.IllegalStateException" message="The path to the driver executable must be set by the webdriver.gecko.driver system property; for more information, see https://github.com/mozilla/geckodriver. The latest version can be downloaded from https://github.com/mozilla/geckodriver/releases">
      <![CDATA[java.lang.IllegalStateException: The path to the driver executable must be set by the webdriver.gecko.driver system property; for more information, see https://github.com/mozilla/geckodriver. The latest version can be downloaded from https://github.com/mozilla/geckodriver/releases
at com.google.common.base.Preconditions.checkState(Preconditions.java:847)
at org.openqa.selenium.remote.service.DriverService.findExecutable(DriverService.java:134)
at org.openqa.selenium.firefox.GeckoDriverService.access$100(GeckoDriverService.java:44)
at org.openqa.selenium.firefox.GeckoDriverService$Builder.findDefaultExecutable(GeckoDriverService.java:167)
at org.openqa.selenium.remote.service.DriverService$Builder.build(DriverService.java:355)
at org.openqa.selenium.firefox.FirefoxDriver.toExecutor(FirefoxDriver.java:190)
at org.openqa.selenium.firefox.FirefoxDriver.<init>(FirefoxDriver.java:147)
at org.openqa.selenium.firefox.FirefoxDriver.<init>(FirefoxDriver.java:125)
at com.vTiger.GenericLibs.Base.configBc(Base.java:36)
at java.util.concurrent.FutureTask.run(Unknown Source)
at java.util.concurrent.ThreadPoolExecutor.runWorker(Unknown Source)
at java.util.concurrent.ThreadPoolExecutor$Worker.run(Unknown Source)
at java.lang.Thread.run(Unknown Source)
... Removed 17 stack frames]]>
    </failure>
  </testcase> <!-- @BeforeClass configBc -->
  <testcase name="@BeforeMethod configBM" time="0.0" classname="com.vTiger.GenericLibs.Base">
    <skipped/>
  </testcase> <!-- @BeforeMethod configBM -->
  <testcase name="@AfterMethod configAm" time="0.0" classname="com.vTiger.GenericLibs.Base">
    <skipped/>
  </testcase> <!-- @AfterMethod configAm -->
  <testcase name="@AfterClass configAc" time="0.0" classname="com.vTiger.GenericLibs.Base">
    <skipped/>
  </testcase> <!-- @AfterClass configAc -->
  <testcase name="createContact" time="21.973" classname="com.vTiger.testscripts.CreateContactTest"/>
  <testcase name="createContact" time="22.749" classname="com.vTiger.testscripts.CreateContactTest"/>
  <testcase name="createOrganization" time="24.467" classname="com.vTiger.testscripts.CreateOrganizationTest"/>
  <testcase name="createproduct" time="23.289" classname="com.vTiger.testscripts.CreateProductTest"/>
  <testcase name="createLead" time="26.597" classname="com.vTiger.testscripts.CreateLeadTest"/>
  <testcase name="createLead" time="27.008" classname="com.vTiger.testscripts.CreateLeadTest"/>
  <testcase name="createVendor" time="17.854" classname="com.vTiger.testscripts.CreateVendorTest"/>
  <testcase name="deletevendor" time="9.529" classname="com.vTiger.testscripts.DeleteVendorTest"/>
  <testcase name="deleteLead" time="14.699" classname="com.vTiger.testscripts.DeleteLeadTest"/>
  <testcase name="deleteAllContact" time="15.257" classname="com.vTiger.testscripts.DeleteAllContactTest"/>
  <testcase name="deleteOrg" time="9.433" classname="com.vTiger.testscripts.DeleteAllOrganizatioTest"/>
</testsuite> <!-- TestChrome -->
