<?xml version="1.0" encoding="UTF-8"?>
<!-- Generated by org.testng.reporters.JUnitXMLReporter -->
<testsuite hostname="Nithesh-Gowda" ignored="0" name="Test" tests="12" failures="0" timestamp="09 Jun 2020 04:42:08 GMT" time="482.566" errors="0">
  <testcase name="createContact" time="30.057" classname="com.vTiger.testscripts.CreateContactTest"/>
  <testcase name="createContact" time="23.492" classname="com.vTiger.testscripts.CreateContactTest"/>
  <testcase name="createOrganization" time="26.583" classname="com.vTiger.testscripts.CreateOrganizationTest"/>
  <testcase name="createproduct" time="21.827" classname="com.vTiger.testscripts.CreateProductTest"/>
  <testcase name="createLead" time="29.931" classname="com.vTiger.testscripts.CreateLeadTest"/>
  <testcase name="createLead" time="28.261" classname="com.vTiger.testscripts.CreateLeadTest"/>
  <testcase name="createVendor" time="19.748" classname="com.vTiger.testscripts.CreateVendorTest"/>
  <testcase name="createOrganization" time="27.582" classname="com.vTiger.testscripts.CreateOppertunityTest"/>
  <testcase name="deletevendor" time="8.577" classname="com.vTiger.testscripts.DeleteVendorTest"/>
  <testcase name="deleteLead" time="15.087" classname="com.vTiger.testscripts.DeleteLeadTest"/>
  <testcase name="deleteAllContact" time="15.202" classname="com.vTiger.testscripts.DeleteAllContactTest"/>
  <testcase name="deleteOrg" time="10.796" classname="com.vTiger.testscripts.DeleteAllOrganizatioTest"/>
</testsuite> <!-- Test -->
