<?xml version="1.0" encoding="UTF-8"?>
<!-- Generated by org.testng.reporters.JUnitXMLReporter -->
<testsuite hostname="Nithesh-Gowda" ignored="0" name="TestRunnerFirefox" tests="11" failures="0" timestamp="07 Jun 2020 15:03:39 GMT" time="5.054" errors="0">
  <testcase name="@BeforeClass configBc" time="0.39" classname="com.vTiger.GenericLibs.Base">
    <failure type="java.lang.IllegalStateException" message="The path to the driver executable must be set by the webdriver.gecko.driver system property; for more information, see https://github.com/mozilla/geckodriver. The latest version can be downloaded from https://github.com/mozilla/geckodriver/releases">
      <![CDATA[java.lang.IllegalStateException: The path to the driver executable must be set by the webdriver.gecko.driver system property; for more information, see https://github.com/mozilla/geckodriver. The latest version can be downloaded from https://github.com/mozilla/geckodriver/releases
at com.google.common.base.Preconditions.checkState(Preconditions.java:847)
at org.openqa.selenium.remote.service.DriverService.findExecutable(DriverService.java:134)
at org.openqa.selenium.firefox.GeckoDriverService.access$100(GeckoDriverService.java:44)
at org.openqa.selenium.firefox.GeckoDriverService$Builder.findDefaultExecutable(GeckoDriverService.java:167)
at org.openqa.selenium.remote.service.DriverService$Builder.build(DriverService.java:355)
at org.openqa.selenium.firefox.FirefoxDriver.toExecutor(FirefoxDriver.java:190)
at org.openqa.selenium.firefox.FirefoxDriver.<init>(FirefoxDriver.java:147)
at org.openqa.selenium.firefox.FirefoxDriver.<init>(FirefoxDriver.java:125)
at com.vTiger.GenericLibs.Base.configBc(Base.java:36)
at java.util.concurrent.FutureTask.run(Unknown Source)
at java.util.concurrent.ThreadPoolExecutor.runWorker(Unknown Source)
at java.util.concurrent.ThreadPoolExecutor$Worker.run(Unknown Source)
at java.lang.Thread.run(Unknown Source)
... Removed 17 stack frames]]>
    </failure>
  </testcase> <!-- @BeforeClass configBc -->
  <testcase name="@BeforeMethod configBM" time="0.0" classname="com.vTiger.GenericLibs.Base">
    <skipped/>
  </testcase> <!-- @BeforeMethod configBM -->
  <testcase name="@AfterMethod configAm" time="0.0" classname="com.vTiger.GenericLibs.Base">
    <skipped/>
  </testcase> <!-- @AfterMethod configAm -->
  <testcase name="@BeforeMethod configBM" time="0.0" classname="com.vTiger.GenericLibs.Base">
    <skipped/>
  </testcase> <!-- @BeforeMethod configBM -->
  <testcase name="@AfterMethod configAm" time="0.0" classname="com.vTiger.GenericLibs.Base">
    <skipped/>
  </testcase> <!-- @AfterMethod configAm -->
  <testcase name="@AfterClass configAc" time="0.0" classname="com.vTiger.GenericLibs.Base">
    <skipped/>
  </testcase> <!-- @AfterClass configAc -->
  <testcase name="@BeforeClass configBc" time="0.08" classname="com.vTiger.GenericLibs.Base">
    <failure type="java.lang.IllegalStateException" message="The path to the driver executable must be set by the webdriver.gecko.driver system property; for more information, see https://github.com/mozilla/geckodriver. The latest version can be downloaded from https://github.com/mozilla/geckodriver/releases">
      <![CDATA[java.lang.IllegalStateException: The path to the driver executable must be set by the webdriver.gecko.driver system property; for more information, see https://github.com/mozilla/geckodriver. The latest version can be downloaded from https://github.com/mozilla/geckodriver/releases
at com.google.common.base.Preconditions.checkState(Preconditions.java:847)
at org.openqa.selenium.remote.service.DriverService.findExecutable(DriverService.java:134)
at org.openqa.selenium.firefox.GeckoDriverService.access$100(GeckoDriverService.java:44)
at org.openqa.selenium.firefox.GeckoDriverService$Builder.findDefaultExecutable(GeckoDriverService.java:167)
at org.openqa.selenium.remote.service.DriverService$Builder.build(DriverService.java:355)
at org.openqa.selenium.firefox.FirefoxDriver.toExecutor(FirefoxDriver.java:190)
at org.openqa.selenium.firefox.FirefoxDriver.<init>(FirefoxDriver.java:147)
at org.openqa.selenium.firefox.FirefoxDriver.<init>(FirefoxDriver.java:125)
at com.vTiger.GenericLibs.Base.configBc(Base.java:36)
at java.util.concurrent.FutureTask.run(Unknown Source)
at java.util.concurrent.ThreadPoolExecutor.runWorker(Unknown Source)
at java.util.concurrent.ThreadPoolExecutor$Worker.run(Unknown Source)
at java.lang.Thread.run(Unknown Source)
... Removed 17 stack frames]]>
    </failure>
  </testcase> <!-- @BeforeClass configBc -->
  <testcase name="@BeforeMethod configBM" time="0.0" classname="com.vTiger.GenericLibs.Base">
    <skipped/>
  </testcase> <!-- @BeforeMethod configBM -->
  <testcase name="@AfterMethod configAm" time="0.0" classname="com.vTiger.GenericLibs.Base">
    <skipped/>
  </testcase> <!-- @AfterMethod configAm -->
  <testcase name="@AfterClass configAc" time="0.0" classname="com.vTiger.GenericLibs.Base">
    <skipped/>
  </testcase> <!-- @AfterClass configAc -->
  <testcase name="@BeforeClass configBc" time="0.025" classname="com.vTiger.GenericLibs.Base">
    <failure type="java.lang.IllegalStateException" message="The path to the driver executable must be set by the webdriver.gecko.driver system property; for more information, see https://github.com/mozilla/geckodriver. The latest version can be downloaded from https://github.com/mozilla/geckodriver/releases">
      <![CDATA[java.lang.IllegalStateException: The path to the driver executable must be set by the webdriver.gecko.driver system property; for more information, see https://github.com/mozilla/geckodriver. The latest version can be downloaded from https://github.com/mozilla/geckodriver/releases
at com.google.common.base.Preconditions.checkState(Preconditions.java:847)
at org.openqa.selenium.remote.service.DriverService.findExecutable(DriverService.java:134)
at org.openqa.selenium.firefox.GeckoDriverService.access$100(GeckoDriverService.java:44)
at org.openqa.selenium.firefox.GeckoDriverService$Builder.findDefaultExecutable(GeckoDriverService.java:167)
at org.openqa.selenium.remote.service.DriverService$Builder.build(DriverService.java:355)
at org.openqa.selenium.firefox.FirefoxDriver.toExecutor(FirefoxDriver.java:190)
at org.openqa.selenium.firefox.FirefoxDriver.<init>(FirefoxDriver.java:147)
at org.openqa.selenium.firefox.FirefoxDriver.<init>(FirefoxDriver.java:125)
at com.vTiger.GenericLibs.Base.configBc(Base.java:36)
at java.util.concurrent.FutureTask.run(Unknown Source)
at java.util.concurrent.ThreadPoolExecutor.runWorker(Unknown Source)
at java.util.concurrent.ThreadPoolExecutor$Worker.run(Unknown Source)
at java.lang.Thread.run(Unknown Source)
... Removed 17 stack frames]]>
    </failure>
  </testcase> <!-- @BeforeClass configBc -->
  <testcase name="@BeforeMethod configBM" time="0.0" classname="com.vTiger.GenericLibs.Base">
    <skipped/>
  </testcase> <!-- @BeforeMethod configBM -->
  <testcase name="@AfterMethod configAm" time="0.0" classname="com.vTiger.GenericLibs.Base">
    <skipped/>
  </testcase> <!-- @AfterMethod configAm -->
  <testcase name="@AfterClass configAc" time="0.0" classname="com.vTiger.GenericLibs.Base">
    <skipped/>
  </testcase> <!-- @AfterClass configAc -->
  <testcase name="@BeforeClass configBc" time="0.058" classname="com.vTiger.GenericLibs.Base">
    <failure type="java.lang.IllegalStateException" message="The path to the driver executable must be set by the webdriver.gecko.driver system property; for more information, see https://github.com/mozilla/geckodriver. The latest version can be downloaded from https://github.com/mozilla/geckodriver/releases">
      <![CDATA[java.lang.IllegalStateException: The path to the driver executable must be set by the webdriver.gecko.driver system property; for more information, see https://github.com/mozilla/geckodriver. The latest version can be downloaded from https://github.com/mozilla/geckodriver/releases
at com.google.common.base.Preconditions.checkState(Preconditions.java:847)
at org.openqa.selenium.remote.service.DriverService.findExecutable(DriverService.java:134)
at org.openqa.selenium.firefox.GeckoDriverService.access$100(GeckoDriverService.java:44)
at org.openqa.selenium.firefox.GeckoDriverService$Builder.findDefaultExecutable(GeckoDriverService.java:167)
at org.openqa.selenium.remote.service.DriverService$Builder.build(DriverService.java:355)
at org.openqa.selenium.firefox.FirefoxDriver.toExecutor(FirefoxDriver.java:190)
at org.openqa.selenium.firefox.FirefoxDriver.<init>(FirefoxDriver.java:147)
at org.openqa.selenium.firefox.FirefoxDriver.<init>(FirefoxDriver.java:125)
at com.vTiger.GenericLibs.Base.configBc(Base.java:36)
at java.util.concurrent.FutureTask.run(Unknown Source)
at java.util.concurrent.ThreadPoolExecutor.runWorker(Unknown Source)
at java.util.concurrent.ThreadPoolExecutor$Worker.run(Unknown Source)
at java.lang.Thread.run(Unknown Source)
... Removed 17 stack frames]]>
    </failure>
  </testcase> <!-- @BeforeClass configBc -->
  <testcase name="@BeforeMethod configBM" time="0.0" classname="com.vTiger.GenericLibs.Base">
    <skipped/>
  </testcase> <!-- @BeforeMethod configBM -->
  <testcase name="@AfterMethod configAm" time="0.0" classname="com.vTiger.GenericLibs.Base">
    <skipped/>
  </testcase> <!-- @AfterMethod configAm -->
  <testcase name="@BeforeMethod configBM" time="0.0" classname="com.vTiger.GenericLibs.Base">
    <skipped/>
  </testcase> <!-- @BeforeMethod configBM -->
  <testcase name="@AfterMethod configAm" time="0.0" classname="com.vTiger.GenericLibs.Base">
    <skipped/>
  </testcase> <!-- @AfterMethod configAm -->
  <testcase name="@AfterClass configAc" time="0.0" classname="com.vTiger.GenericLibs.Base">
    <skipped/>
  </testcase> <!-- @AfterClass configAc -->
  <testcase name="@BeforeClass configBc" time="0.06" classname="com.vTiger.GenericLibs.Base">
    <failure type="java.lang.IllegalStateException" message="The path to the driver executable must be set by the webdriver.gecko.driver system property; for more information, see https://github.com/mozilla/geckodriver. The latest version can be downloaded from https://github.com/mozilla/geckodriver/releases">
      <![CDATA[java.lang.IllegalStateException: The path to the driver executable must be set by the webdriver.gecko.driver system property; for more information, see https://github.com/mozilla/geckodriver. The latest version can be downloaded from https://github.com/mozilla/geckodriver/releases
at com.google.common.base.Preconditions.checkState(Preconditions.java:847)
at org.openqa.selenium.remote.service.DriverService.findExecutable(DriverService.java:134)
at org.openqa.selenium.firefox.GeckoDriverService.access$100(GeckoDriverService.java:44)
at org.openqa.selenium.firefox.GeckoDriverService$Builder.findDefaultExecutable(GeckoDriverService.java:167)
at org.openqa.selenium.remote.service.DriverService$Builder.build(DriverService.java:355)
at org.openqa.selenium.firefox.FirefoxDriver.toExecutor(FirefoxDriver.java:190)
at org.openqa.selenium.firefox.FirefoxDriver.<init>(FirefoxDriver.java:147)
at org.openqa.selenium.firefox.FirefoxDriver.<init>(FirefoxDriver.java:125)
at com.vTiger.GenericLibs.Base.configBc(Base.java:36)
at java.util.concurrent.FutureTask.run(Unknown Source)
at java.util.concurrent.ThreadPoolExecutor.runWorker(Unknown Source)
at java.util.concurrent.ThreadPoolExecutor$Worker.run(Unknown Source)
at java.lang.Thread.run(Unknown Source)
... Removed 17 stack frames]]>
    </failure>
  </testcase> <!-- @BeforeClass configBc -->
  <testcase name="@BeforeMethod configBM" time="0.0" classname="com.vTiger.GenericLibs.Base">
    <skipped/>
  </testcase> <!-- @BeforeMethod configBM -->
  <testcase name="@AfterMethod configAm" time="0.0" classname="com.vTiger.GenericLibs.Base">
    <skipped/>
  </testcase> <!-- @AfterMethod configAm -->
  <testcase name="@AfterClass configAc" time="0.0" classname="com.vTiger.GenericLibs.Base">
    <skipped/>
  </testcase> <!-- @AfterClass configAc -->
  <testcase name="@BeforeClass configBc" time="0.022" classname="com.vTiger.GenericLibs.Base">
    <failure type="java.lang.IllegalStateException" message="The path to the driver executable must be set by the webdriver.gecko.driver system property; for more information, see https://github.com/mozilla/geckodriver. The latest version can be downloaded from https://github.com/mozilla/geckodriver/releases">
      <![CDATA[java.lang.IllegalStateException: The path to the driver executable must be set by the webdriver.gecko.driver system property; for more information, see https://github.com/mozilla/geckodriver. The latest version can be downloaded from https://github.com/mozilla/geckodriver/releases
at com.google.common.base.Preconditions.checkState(Preconditions.java:847)
at org.openqa.selenium.remote.service.DriverService.findExecutable(DriverService.java:134)
at org.openqa.selenium.firefox.GeckoDriverService.access$100(GeckoDriverService.java:44)
at org.openqa.selenium.firefox.GeckoDriverService$Builder.findDefaultExecutable(GeckoDriverService.java:167)
at org.openqa.selenium.remote.service.DriverService$Builder.build(DriverService.java:355)
at org.openqa.selenium.firefox.FirefoxDriver.toExecutor(FirefoxDriver.java:190)
at org.openqa.selenium.firefox.FirefoxDriver.<init>(FirefoxDriver.java:147)
at org.openqa.selenium.firefox.FirefoxDriver.<init>(FirefoxDriver.java:125)
at com.vTiger.GenericLibs.Base.configBc(Base.java:36)
at java.util.concurrent.FutureTask.run(Unknown Source)
at java.util.concurrent.ThreadPoolExecutor.runWorker(Unknown Source)
at java.util.concurrent.ThreadPoolExecutor$Worker.run(Unknown Source)
at java.lang.Thread.run(Unknown Source)
... Removed 17 stack frames]]>
    </failure>
  </testcase> <!-- @BeforeClass configBc -->
  <testcase name="@BeforeMethod configBM" time="0.0" classname="com.vTiger.GenericLibs.Base">
    <skipped/>
  </testcase> <!-- @BeforeMethod configBM -->
  <testcase name="@AfterMethod configAm" time="0.0" classname="com.vTiger.GenericLibs.Base">
    <skipped/>
  </testcase> <!-- @AfterMethod configAm -->
  <testcase name="@AfterClass configAc" time="0.0" classname="com.vTiger.GenericLibs.Base">
    <skipped/>
  </testcase> <!-- @AfterClass configAc -->
  <testcase name="@BeforeClass configBc" time="0.023" classname="com.vTiger.GenericLibs.Base">
    <failure type="java.lang.IllegalStateException" message="The path to the driver executable must be set by the webdriver.gecko.driver system property; for more information, see https://github.com/mozilla/geckodriver. The latest version can be downloaded from https://github.com/mozilla/geckodriver/releases">
      <![CDATA[java.lang.IllegalStateException: The path to the driver executable must be set by the webdriver.gecko.driver system property; for more information, see https://github.com/mozilla/geckodriver. The latest version can be downloaded from https://github.com/mozilla/geckodriver/releases
at com.google.common.base.Preconditions.checkState(Preconditions.java:847)
at org.openqa.selenium.remote.service.DriverService.findExecutable(DriverService.java:134)
at org.openqa.selenium.firefox.GeckoDriverService.access$100(GeckoDriverService.java:44)
at org.openqa.selenium.firefox.GeckoDriverService$Builder.findDefaultExecutable(GeckoDriverService.java:167)
at org.openqa.selenium.remote.service.DriverService$Builder.build(DriverService.java:355)
at org.openqa.selenium.firefox.FirefoxDriver.toExecutor(FirefoxDriver.java:190)
at org.openqa.selenium.firefox.FirefoxDriver.<init>(FirefoxDriver.java:147)
at org.openqa.selenium.firefox.FirefoxDriver.<init>(FirefoxDriver.java:125)
at com.vTiger.GenericLibs.Base.configBc(Base.java:36)
at java.util.concurrent.FutureTask.run(Unknown Source)
at java.util.concurrent.ThreadPoolExecutor.runWorker(Unknown Source)
at java.util.concurrent.ThreadPoolExecutor$Worker.run(Unknown Source)
at java.lang.Thread.run(Unknown Source)
... Removed 17 stack frames]]>
    </failure>
  </testcase> <!-- @BeforeClass configBc -->
  <testcase name="@BeforeMethod configBM" time="0.0" classname="com.vTiger.GenericLibs.Base">
    <skipped/>
  </testcase> <!-- @BeforeMethod configBM -->
  <testcase name="@AfterMethod configAm" time="0.0" classname="com.vTiger.GenericLibs.Base">
    <skipped/>
  </testcase> <!-- @AfterMethod configAm -->
  <testcase name="@AfterClass configAc" time="0.0" classname="com.vTiger.GenericLibs.Base">
    <skipped/>
  </testcase> <!-- @AfterClass configAc -->
  <testcase name="@BeforeClass configBc" time="0.029" classname="com.vTiger.GenericLibs.Base">
    <failure type="java.lang.IllegalStateException" message="The path to the driver executable must be set by the webdriver.gecko.driver system property; for more information, see https://github.com/mozilla/geckodriver. The latest version can be downloaded from https://github.com/mozilla/geckodriver/releases">
      <![CDATA[java.lang.IllegalStateException: The path to the driver executable must be set by the webdriver.gecko.driver system property; for more information, see https://github.com/mozilla/geckodriver. The latest version can be downloaded from https://github.com/mozilla/geckodriver/releases
at com.google.common.base.Preconditions.checkState(Preconditions.java:847)
at org.openqa.selenium.remote.service.DriverService.findExecutable(DriverService.java:134)
at org.openqa.selenium.firefox.GeckoDriverService.access$100(GeckoDriverService.java:44)
at org.openqa.selenium.firefox.GeckoDriverService$Builder.findDefaultExecutable(GeckoDriverService.java:167)
at org.openqa.selenium.remote.service.DriverService$Builder.build(DriverService.java:355)
at org.openqa.selenium.firefox.FirefoxDriver.toExecutor(FirefoxDriver.java:190)
at org.openqa.selenium.firefox.FirefoxDriver.<init>(FirefoxDriver.java:147)
at org.openqa.selenium.firefox.FirefoxDriver.<init>(FirefoxDriver.java:125)
at com.vTiger.GenericLibs.Base.configBc(Base.java:36)
at java.util.concurrent.FutureTask.run(Unknown Source)
at java.util.concurrent.ThreadPoolExecutor.runWorker(Unknown Source)
at java.util.concurrent.ThreadPoolExecutor$Worker.run(Unknown Source)
at java.lang.Thread.run(Unknown Source)
... Removed 17 stack frames]]>
    </failure>
  </testcase> <!-- @BeforeClass configBc -->
  <testcase name="@BeforeMethod configBM" time="0.0" classname="com.vTiger.GenericLibs.Base">
    <skipped/>
  </testcase> <!-- @BeforeMethod configBM -->
  <testcase name="@AfterMethod configAm" time="0.0" classname="com.vTiger.GenericLibs.Base">
    <skipped/>
  </testcase> <!-- @AfterMethod configAm -->
  <testcase name="@AfterClass configAc" time="0.0" classname="com.vTiger.GenericLibs.Base">
    <skipped/>
  </testcase> <!-- @AfterClass configAc -->
  <testcase name="@BeforeClass configBc" time="0.018" classname="com.vTiger.GenericLibs.Base">
    <failure type="java.lang.IllegalStateException" message="The path to the driver executable must be set by the webdriver.gecko.driver system property; for more information, see https://github.com/mozilla/geckodriver. The latest version can be downloaded from https://github.com/mozilla/geckodriver/releases">
      <![CDATA[java.lang.IllegalStateException: The path to the driver executable must be set by the webdriver.gecko.driver system property; for more information, see https://github.com/mozilla/geckodriver. The latest version can be downloaded from https://github.com/mozilla/geckodriver/releases
at com.google.common.base.Preconditions.checkState(Preconditions.java:847)
at org.openqa.selenium.remote.service.DriverService.findExecutable(DriverService.java:134)
at org.openqa.selenium.firefox.GeckoDriverService.access$100(GeckoDriverService.java:44)
at org.openqa.selenium.firefox.GeckoDriverService$Builder.findDefaultExecutable(GeckoDriverService.java:167)
at org.openqa.selenium.remote.service.DriverService$Builder.build(DriverService.java:355)
at org.openqa.selenium.firefox.FirefoxDriver.toExecutor(FirefoxDriver.java:190)
at org.openqa.selenium.firefox.FirefoxDriver.<init>(FirefoxDriver.java:147)
at org.openqa.selenium.firefox.FirefoxDriver.<init>(FirefoxDriver.java:125)
at com.vTiger.GenericLibs.Base.configBc(Base.java:36)
at java.util.concurrent.FutureTask.run(Unknown Source)
at java.util.concurrent.ThreadPoolExecutor.runWorker(Unknown Source)
at java.util.concurrent.ThreadPoolExecutor$Worker.run(Unknown Source)
at java.lang.Thread.run(Unknown Source)
... Removed 17 stack frames]]>
    </failure>
  </testcase> <!-- @BeforeClass configBc -->
  <testcase name="@BeforeMethod configBM" time="0.0" classname="com.vTiger.GenericLibs.Base">
    <skipped/>
  </testcase> <!-- @BeforeMethod configBM -->
  <testcase name="@AfterMethod configAm" time="0.0" classname="com.vTiger.GenericLibs.Base">
    <skipped/>
  </testcase> <!-- @AfterMethod configAm -->
  <testcase name="@AfterClass configAc" time="0.0" classname="com.vTiger.GenericLibs.Base">
    <skipped/>
  </testcase> <!-- @AfterClass configAc -->
  <testcase name="createContact" time="0.0" classname="com.vTiger.testscripts.CreateContactTest">
    <skipped/>
  </testcase> <!-- createContact -->
  <testcase name="createContact" time="0.0" classname="com.vTiger.testscripts.CreateContactTest">
    <skipped/>
  </testcase> <!-- createContact -->
  <testcase name="createOrganization" time="0.0" classname="com.vTiger.testscripts.CreateOrganizationTest">
    <skipped/>
  </testcase> <!-- createOrganization -->
  <testcase name="createproduct" time="0.0" classname="com.vTiger.testscripts.CreateProductTest">
    <skipped/>
  </testcase> <!-- createproduct -->
  <testcase name="createLead" time="0.0" classname="com.vTiger.testscripts.CreateLeadTest">
    <skipped/>
  </testcase> <!-- createLead -->
  <testcase name="createLead" time="0.0" classname="com.vTiger.testscripts.CreateLeadTest">
    <skipped/>
  </testcase> <!-- createLead -->
  <testcase name="createVendor" time="0.0" classname="com.vTiger.testscripts.CreateVendorTest">
    <skipped/>
  </testcase> <!-- createVendor -->
  <testcase name="deletevendor" time="0.0" classname="com.vTiger.testscripts.DeleteVendorTest">
    <skipped/>
  </testcase> <!-- deletevendor -->
  <testcase name="deleteLead" time="0.0" classname="com.vTiger.testscripts.DeleteLeadTest">
    <skipped/>
  </testcase> <!-- deleteLead -->
  <testcase name="deleteAllContact" time="0.0" classname="com.vTiger.testscripts.DeleteAllContactTest">
    <skipped/>
  </testcase> <!-- deleteAllContact -->
  <testcase name="deleteOrg" time="0.0" classname="com.vTiger.testscripts.DeleteAllOrganizatioTest">
    <skipped/>
  </testcase> <!-- deleteOrg -->
</testsuite> <!-- TestRunnerFirefox -->
